#
# There is insufficient memory for the Java Runtime Environment to continue.
# Native memory allocation (mmap) failed to map 82837504 bytes. Error detail: G1 virtual space
# Possible reasons:
#   The system is out of physical RAM or swap space
#   This process is running with CompressedOops enabled, and the Java Heap may be blocking the growth of the native heap
# Possible solutions:
#   Reduce memory load on the system
#   Increase physical memory or swap space
#   Check if swap backing store is full
#   Decrease Java heap size (-Xmx/-Xms)
#   Decrease number of Java threads
#   Decrease Java thread stack sizes (-Xss)
#   Set larger code cache with -XX:ReservedCodeCacheSize=
#   JVM is running with Unscaled Compressed Oops mode in which the Java heap is
#     placed in the first 4GB address space. The Java Heap base address is the
#     maximum limit for the native heap growth. Please use -XX:HeapBaseMinAddress
#     to set the Java Heap base and to place the Java Heap above 4GB virtual address.
# This output file may be truncated or incomplete.
#
#  Out of Memory Error (os_windows.cpp:3828), pid=9136, tid=15028
#
# JRE version: OpenJDK Runtime Environment (21.0.5) (build 21.0.5+-12932927-b750.29)
# Java VM: OpenJDK 64-Bit Server VM (21.0.5+-12932927-b750.29, mixed mode, tiered, compressed oops, compressed class ptrs, g1 gc, windows-amd64)
# No core dump will be written. Minidumps are not enabled by default on client versions of Windows
#

---------------  S U M M A R Y ------------

Command Line: org.jetbrains.kotlin.cli.jvm.K2JVMCompiler @C:\Users\Rain\StudioProjects\Kalikas-App\app\build\20250310_260459283816750706.compiler.options

Host: Intel(R) Core(TM) i3-10110U CPU @ 2.10GHz, 4 cores, 3G,  Windows 11 , 64 bit Build 26100 (10.0.26100.3037)
Time: Mon Mar 10 02:45:43 2025 Malay Peninsula Standard Time elapsed time: 11.532001 seconds (0d 0h 0m 11s)

---------------  T H R E A D  ---------------

Current thread (0x00000214ce869510):  VMThread "VM Thread"          [id=15028, stack(0x0000008b1f400000,0x0000008b1f500000) (1024K)]

Stack: [0x0000008b1f400000,0x0000008b1f500000]
Native frames: (J=compiled Java code, j=interpreted, Vv=VM code, C=native code)
V  [jvm.dll+0x6cfb29]
V  [jvm.dll+0x85ded3]
V  [jvm.dll+0x86042e]
V  [jvm.dll+0x860b13]
V  [jvm.dll+0x27e6b6]
V  [jvm.dll+0x6cc385]
V  [jvm.dll+0x6c078a]
V  [jvm.dll+0x35525b]
V  [jvm.dll+0x35ceb6]
V  [jvm.dll+0x3aedd6]
V  [jvm.dll+0x3af0a8]
V  [jvm.dll+0x32792c]
V  [jvm.dll+0x3279b7]
V  [jvm.dll+0x36d80c]
V  [jvm.dll+0x36bfbe]
V  [jvm.dll+0x327081]
V  [jvm.dll+0x36b6d0]
V  [jvm.dll+0x866898]
V  [jvm.dll+0x867c14]
V  [jvm.dll+0x868150]
V  [jvm.dll+0x8683e3]
V  [jvm.dll+0x806368]
V  [jvm.dll+0x6ce3fd]
C  [ucrtbase.dll+0x37b0]
C  [KERNEL32.DLL+0x2e8d7]
C  [ntdll.dll+0xbbf2c]

VM_Operation (0x0000008b1edf9350): G1CollectForAllocation, mode: safepoint, requested by thread 0x00000214b6c416a0


---------------  P R O C E S S  ---------------

Threads class SMR info:
_java_thread_list=0x00000214cec9ab40, length=11, elements={
0x00000214b6c416a0, 0x00000214ce8c1160, 0x00000214ce8c4d40, 0x00000214ceb18e10,
0x00000214ceb19860, 0x00000214ceb1b2c0, 0x00000214ceb1bd10, 0x00000214ceb1eaa0,
0x00000214ceb22e60, 0x00000214cecc2470, 0x00000214ceccaae0
}

Java Threads: ( => current thread )
  0x00000214b6c416a0 JavaThread "main"                              [_thread_blocked, id=5172, stack(0x0000008b1ed00000,0x0000008b1ee00000) (1024K)]
  0x00000214ce8c1160 JavaThread "Reference Handler"          daemon [_thread_blocked, id=4080, stack(0x0000008b1f500000,0x0000008b1f600000) (1024K)]
  0x00000214ce8c4d40 JavaThread "Finalizer"                  daemon [_thread_blocked, id=14604, stack(0x0000008b1f600000,0x0000008b1f700000) (1024K)]
  0x00000214ceb18e10 JavaThread "Signal Dispatcher"          daemon [_thread_blocked, id=13828, stack(0x0000008b1f700000,0x0000008b1f800000) (1024K)]
  0x00000214ceb19860 JavaThread "Attach Listener"            daemon [_thread_blocked, id=11260, stack(0x0000008b1f800000,0x0000008b1f900000) (1024K)]
  0x00000214ceb1b2c0 JavaThread "Service Thread"             daemon [_thread_blocked, id=296, stack(0x0000008b1f900000,0x0000008b1fa00000) (1024K)]
  0x00000214ceb1bd10 JavaThread "Monitor Deflation Thread"   daemon [_thread_blocked, id=13896, stack(0x0000008b1fa00000,0x0000008b1fb00000) (1024K)]
  0x00000214ceb1eaa0 JavaThread "C2 CompilerThread0"         daemon [_thread_blocked, id=2180, stack(0x0000008b1fb00000,0x0000008b1fc00000) (1024K)]
  0x00000214ceb22e60 JavaThread "C1 CompilerThread0"         daemon [_thread_blocked, id=8880, stack(0x0000008b1fc00000,0x0000008b1fd00000) (1024K)]
  0x00000214cecc2470 JavaThread "Notification Thread"        daemon [_thread_blocked, id=2460, stack(0x0000008b1fd00000,0x0000008b1fe00000) (1024K)]
  0x00000214ceccaae0 JavaThread "Common-Cleaner"             daemon [_thread_blocked, id=10936, stack(0x0000008b1fe00000,0x0000008b1ff00000) (1024K)]
Total: 11

Other Threads:
=>0x00000214ce869510 VMThread "VM Thread"                           [id=15028, stack(0x0000008b1f400000,0x0000008b1f500000) (1024K)]
  0x00000214b8fbff00 WatcherThread "VM Periodic Task Thread"        [id=13688, stack(0x0000008b1f300000,0x0000008b1f400000) (1024K)]
  0x00000214b8f4f180 WorkerThread "GC Thread#0"                     [id=11616, stack(0x0000008b1ee00000,0x0000008b1ef00000) (1024K)]
  0x00000214d3331f70 WorkerThread "GC Thread#1"                     [id=10924, stack(0x0000008b1ff00000,0x0000008b20000000) (1024K)]
  0x00000214d3344180 WorkerThread "GC Thread#2"                     [id=13496, stack(0x0000008b20000000,0x0000008b20100000) (1024K)]
  0x00000214d3344520 WorkerThread "GC Thread#3"                     [id=13992, stack(0x0000008b20100000,0x0000008b20200000) (1024K)]
  0x00000214b8f57be0 ConcurrentGCThread "G1 Main Marker"            [id=10344, stack(0x0000008b1ef00000,0x0000008b1f000000) (1024K)]
  0x00000214b8f586e0 WorkerThread "G1 Conc#0"                       [id=11980, stack(0x0000008b1f000000,0x0000008b1f100000) (1024K)]
  0x00000214b8fb0df0 ConcurrentGCThread "G1 Refine#0"               [id=2260, stack(0x0000008b1f100000,0x0000008b1f200000) (1024K)]
  0x00000214b8fb2810 ConcurrentGCThread "G1 Service"                [id=14540, stack(0x0000008b1f200000,0x0000008b1f300000) (1024K)]
Total: 10

Threads with active compile tasks:
C2 CompilerThread0  11561 5209       4       jdk.internal.loader.URLClassPath::getResource (74 bytes)
C1 CompilerThread0  11561 5409       3       org.jetbrains.kotlin.fir.deserialization.FirTypeDeserializer::simpleType (535 bytes)
Total: 2

VM state: at safepoint (normal execution)

VM Mutex/Monitor currently owned by a thread:  ([mutex/lock_event])
[0x00007ffe35aad360] Threads_lock - owner thread: 0x00000214ce869510
[0x00007ffe35aad460] Heap_lock - owner thread: 0x00000214b6c416a0

Heap address: 0x00000000c2c00000, size: 980 MB, Compressed Oops mode: 32-bit

CDS archive(s) not mapped
Compressed class space mapped at: 0x0000000100000000-0x0000000140000000, reserved size: 1073741824
Narrow klass base: 0x0000000000000000, Narrow klass shift: 3, Narrow klass range: 0x140000000

GC Precious Log:
 CardTable entry size: 512
 Card Set container configuration: InlinePtr #cards 5 size 8 Array Of Cards #cards 12 size 40 Howl #buckets 4 coarsen threshold 1843 Howl Bitmap #cards 512 size 80 coarsen threshold 460 Card regions per heap region 1 cards per card region 2048
 CPUs: 4 total, 4 available
 Memory: 3919M
 Large Page Support: Disabled
 NUMA Support: Disabled
 Compressed Oops: Enabled (32-bit)
 Heap Region Size: 1M
 Heap Min Capacity: 8M
 Heap Initial Capacity: 62M
 Heap Max Capacity: 980M
 Pre-touch: Disabled
 Parallel Workers: 4
 Concurrent Workers: 1
 Concurrent Refinement Workers: 4
 Periodic GC: Disabled

Heap:
 garbage-first heap   total 80896K, used 57023K [0x00000000c2c00000, 0x0000000100000000)
  region size 1024K, 3 young (3072K), 3 survivors (3072K)
 Metaspace       used 50605K, committed 50944K, reserved 1114112K
  class space    used 5690K, committed 5824K, reserved 1048576K

Heap Regions: E=young(eden), S=young(survivor), O=old, HS=humongous(starts), HC=humongous(continues), CS=collection set, F=free, TAMS=top-at-mark-start, PB=parsable bottom
|   0|0x00000000c2c00000, 0x00000000c2d00000, 0x00000000c2d00000|100%|HS|  |TAMS 0x00000000c2d00000| PB 0x00000000c2c00000| Complete 
|   1|0x00000000c2d00000, 0x00000000c2e00000, 0x00000000c2e00000|100%|HC|  |TAMS 0x00000000c2e00000| PB 0x00000000c2d00000| Complete 
|   2|0x00000000c2e00000, 0x00000000c2f00000, 0x00000000c2f00000|100%|HC|  |TAMS 0x00000000c2f00000| PB 0x00000000c2e00000| Complete 
|   3|0x00000000c2f00000, 0x00000000c3000000, 0x00000000c3000000|100%| O|  |TAMS 0x00000000c3000000| PB 0x00000000c2f00000| Untracked 
|   4|0x00000000c3000000, 0x00000000c3100000, 0x00000000c3100000|100%| O|  |TAMS 0x00000000c3100000| PB 0x00000000c3000000| Untracked 
|   5|0x00000000c3100000, 0x00000000c3200000, 0x00000000c3200000|100%| O|  |TAMS 0x00000000c3200000| PB 0x00000000c3100000| Untracked 
|   6|0x00000000c3200000, 0x00000000c3300000, 0x00000000c3300000|100%| O|  |TAMS 0x00000000c3300000| PB 0x00000000c3200000| Untracked 
|   7|0x00000000c3300000, 0x00000000c3400000, 0x00000000c3400000|100%| O|  |TAMS 0x00000000c3400000| PB 0x00000000c3300000| Untracked 
|   8|0x00000000c3400000, 0x00000000c3500000, 0x00000000c3500000|100%| O|  |TAMS 0x00000000c3500000| PB 0x00000000c3400000| Untracked 
|   9|0x00000000c3500000, 0x00000000c3600000, 0x00000000c3600000|100%| O|  |TAMS 0x00000000c3600000| PB 0x00000000c3500000| Untracked 
|  10|0x00000000c3600000, 0x00000000c3700000, 0x00000000c3700000|100%| O|  |TAMS 0x00000000c3700000| PB 0x00000000c3600000| Untracked 
|  11|0x00000000c3700000, 0x00000000c3800000, 0x00000000c3800000|100%| O|  |TAMS 0x00000000c3800000| PB 0x00000000c3700000| Untracked 
|  12|0x00000000c3800000, 0x00000000c3900000, 0x00000000c3900000|100%| O|  |TAMS 0x00000000c3900000| PB 0x00000000c3800000| Untracked 
|  13|0x00000000c3900000, 0x00000000c3a00000, 0x00000000c3a00000|100%| O|  |TAMS 0x00000000c3a00000| PB 0x00000000c3900000| Untracked 
|  14|0x00000000c3a00000, 0x00000000c3b00000, 0x00000000c3b00000|100%| O|  |TAMS 0x00000000c3b00000| PB 0x00000000c3a00000| Untracked 
|  15|0x00000000c3b00000, 0x00000000c3c00000, 0x00000000c3c00000|100%| O|  |TAMS 0x00000000c3c00000| PB 0x00000000c3b00000| Untracked 
|  16|0x00000000c3c00000, 0x00000000c3d00000, 0x00000000c3d00000|100%| O|  |TAMS 0x00000000c3d00000| PB 0x00000000c3c00000| Untracked 
|  17|0x00000000c3d00000, 0x00000000c3e00000, 0x00000000c3e00000|100%| O|  |TAMS 0x00000000c3e00000| PB 0x00000000c3d00000| Untracked 
|  18|0x00000000c3e00000, 0x00000000c3f00000, 0x00000000c3f00000|100%| O|  |TAMS 0x00000000c3f00000| PB 0x00000000c3e00000| Untracked 
|  19|0x00000000c3f00000, 0x00000000c4000000, 0x00000000c4000000|100%| O|  |TAMS 0x00000000c4000000| PB 0x00000000c3f00000| Untracked 
|  20|0x00000000c4000000, 0x00000000c4100000, 0x00000000c4100000|100%| O|  |TAMS 0x00000000c4100000| PB 0x00000000c4000000| Untracked 
|  21|0x00000000c4100000, 0x00000000c4200000, 0x00000000c4200000|100%| O|  |TAMS 0x00000000c4200000| PB 0x00000000c4100000| Untracked 
|  22|0x00000000c4200000, 0x00000000c4300000, 0x00000000c4300000|100%| O|  |TAMS 0x00000000c4300000| PB 0x00000000c4200000| Untracked 
|  23|0x00000000c4300000, 0x00000000c4400000, 0x00000000c4400000|100%| O|  |TAMS 0x00000000c4400000| PB 0x00000000c4300000| Untracked 
|  24|0x00000000c4400000, 0x00000000c4500000, 0x00000000c4500000|100%| O|  |TAMS 0x00000000c4500000| PB 0x00000000c4400000| Untracked 
|  25|0x00000000c4500000, 0x00000000c4600000, 0x00000000c4600000|100%| O|  |TAMS 0x00000000c4600000| PB 0x00000000c4500000| Untracked 
|  26|0x00000000c4600000, 0x00000000c4700000, 0x00000000c4700000|100%| O|  |TAMS 0x00000000c4700000| PB 0x00000000c4600000| Untracked 
|  27|0x00000000c4700000, 0x00000000c4800000, 0x00000000c4800000|100%| O|  |TAMS 0x00000000c4800000| PB 0x00000000c4700000| Untracked 
|  28|0x00000000c4800000, 0x00000000c4900000, 0x00000000c4900000|100%| O|  |TAMS 0x00000000c4900000| PB 0x00000000c4800000| Untracked 
|  29|0x00000000c4900000, 0x00000000c4a00000, 0x00000000c4a00000|100%|HS|  |TAMS 0x00000000c4a00000| PB 0x00000000c4900000| Complete 
|  30|0x00000000c4a00000, 0x00000000c4b00000, 0x00000000c4b00000|100%| O|  |TAMS 0x00000000c4b00000| PB 0x00000000c4a00000| Untracked 
|  31|0x00000000c4b00000, 0x00000000c4c00000, 0x00000000c4c00000|100%| O|  |TAMS 0x00000000c4c00000| PB 0x00000000c4b00000| Untracked 
|  32|0x00000000c4c00000, 0x00000000c4d00000, 0x00000000c4d00000|100%| O|  |TAMS 0x00000000c4d00000| PB 0x00000000c4c00000| Untracked 
|  33|0x00000000c4d00000, 0x00000000c4e00000, 0x00000000c4e00000|100%| O|  |TAMS 0x00000000c4e00000| PB 0x00000000c4d00000| Untracked 
|  34|0x00000000c4e00000, 0x00000000c4f00000, 0x00000000c4f00000|100%| O|  |TAMS 0x00000000c4f00000| PB 0x00000000c4e00000| Untracked 
|  35|0x00000000c4f00000, 0x00000000c5000000, 0x00000000c5000000|100%| O|  |TAMS 0x00000000c5000000| PB 0x00000000c4f00000| Untracked 
|  36|0x00000000c5000000, 0x00000000c5100000, 0x00000000c5100000|100%| O|  |TAMS 0x00000000c5100000| PB 0x00000000c5000000| Untracked 
|  37|0x00000000c5100000, 0x00000000c5200000, 0x00000000c5200000|100%| O|  |TAMS 0x00000000c5200000| PB 0x00000000c5100000| Untracked 
|  38|0x00000000c5200000, 0x00000000c5300000, 0x00000000c5300000|100%| O|  |TAMS 0x00000000c5300000| PB 0x00000000c5200000| Untracked 
|  39|0x00000000c5300000, 0x00000000c5400000, 0x00000000c5400000|100%| O|  |TAMS 0x00000000c5400000| PB 0x00000000c5300000| Untracked 
|  40|0x00000000c5400000, 0x00000000c5500000, 0x00000000c5500000|100%| O|  |TAMS 0x00000000c5500000| PB 0x00000000c5400000| Untracked 
|  41|0x00000000c5500000, 0x00000000c5600000, 0x00000000c5600000|100%| O|  |TAMS 0x00000000c5500000| PB 0x00000000c5500000| Untracked 
|  42|0x00000000c5600000, 0x00000000c5700000, 0x00000000c5700000|100%| O|  |TAMS 0x00000000c5700000| PB 0x00000000c5600000| Untracked 
|  43|0x00000000c5700000, 0x00000000c5800000, 0x00000000c5800000|100%| O|  |TAMS 0x00000000c5800000| PB 0x00000000c5700000| Untracked 
|  44|0x00000000c5800000, 0x00000000c5900000, 0x00000000c5900000|100%| O|  |TAMS 0x00000000c5900000| PB 0x00000000c5800000| Untracked 
|  45|0x00000000c5900000, 0x00000000c5a00000, 0x00000000c5a00000|100%| O|  |TAMS 0x00000000c596a080| PB 0x00000000c5900000| Untracked 
|  46|0x00000000c5a00000, 0x00000000c5b00000, 0x00000000c5b00000|100%| O|  |TAMS 0x00000000c5a00000| PB 0x00000000c5a00000| Untracked 
|  47|0x00000000c5b00000, 0x00000000c5c00000, 0x00000000c5c00000|100%| O|  |TAMS 0x00000000c5b00000| PB 0x00000000c5b00000| Untracked 
|  48|0x00000000c5c00000, 0x00000000c5cafee8, 0x00000000c5d00000| 68%| O|  |TAMS 0x00000000c5c00000| PB 0x00000000c5c00000| Untracked 
|  49|0x00000000c5d00000, 0x00000000c5d00000, 0x00000000c5e00000|  0%| F|  |TAMS 0x00000000c5d00000| PB 0x00000000c5d00000| Untracked 
|  50|0x00000000c5e00000, 0x00000000c5e00000, 0x00000000c5f00000|  0%| F|  |TAMS 0x00000000c5e00000| PB 0x00000000c5e00000| Untracked 
|  51|0x00000000c5f00000, 0x00000000c5f00000, 0x00000000c6000000|  0%| F|  |TAMS 0x00000000c5f00000| PB 0x00000000c5f00000| Untracked 
|  52|0x00000000c6000000, 0x00000000c6000000, 0x00000000c6100000|  0%| F|  |TAMS 0x00000000c6000000| PB 0x00000000c6000000| Untracked 
|  53|0x00000000c6100000, 0x00000000c6100000, 0x00000000c6200000|  0%| F|  |TAMS 0x00000000c6100000| PB 0x00000000c6100000| Untracked 
|  54|0x00000000c6200000, 0x00000000c6200000, 0x00000000c6300000|  0%| F|  |TAMS 0x00000000c6200000| PB 0x00000000c6200000| Untracked 
|  55|0x00000000c6300000, 0x00000000c6300000, 0x00000000c6400000|  0%| F|  |TAMS 0x00000000c6300000| PB 0x00000000c6300000| Untracked 
|  56|0x00000000c6400000, 0x00000000c6500000, 0x00000000c6500000|100%| S|CS|TAMS 0x00000000c6400000| PB 0x00000000c6400000| Complete 
|  57|0x00000000c6500000, 0x00000000c6600000, 0x00000000c6600000|100%| S|CS|TAMS 0x00000000c6500000| PB 0x00000000c6500000| Complete 
|  58|0x00000000c6600000, 0x00000000c6700000, 0x00000000c6700000|100%| S|CS|TAMS 0x00000000c6600000| PB 0x00000000c6600000| Complete 
|  59|0x00000000c6700000, 0x00000000c6700000, 0x00000000c6800000|  0%| F|  |TAMS 0x00000000c6700000| PB 0x00000000c6700000| Untracked 
|  60|0x00000000c6800000, 0x00000000c6800000, 0x00000000c6900000|  0%| F|  |TAMS 0x00000000c6800000| PB 0x00000000c6800000| Untracked 
|  61|0x00000000c6900000, 0x00000000c6900000, 0x00000000c6a00000|  0%| F|  |TAMS 0x00000000c6900000| PB 0x00000000c6900000| Untracked 
|  62|0x00000000c6a00000, 0x00000000c6a00000, 0x00000000c6b00000|  0%| F|  |TAMS 0x00000000c6a00000| PB 0x00000000c6a00000| Untracked 
|  63|0x00000000c6b00000, 0x00000000c6b00000, 0x00000000c6c00000|  0%| F|  |TAMS 0x00000000c6b00000| PB 0x00000000c6b00000| Untracked 
|  64|0x00000000c6c00000, 0x00000000c6c00000, 0x00000000c6d00000|  0%| F|  |TAMS 0x00000000c6c00000| PB 0x00000000c6c00000| Untracked 
|  65|0x00000000c6d00000, 0x00000000c6d00000, 0x00000000c6e00000|  0%| F|  |TAMS 0x00000000c6d00000| PB 0x00000000c6d00000| Untracked 
|  66|0x00000000c6e00000, 0x00000000c6e00000, 0x00000000c6f00000|  0%| F|  |TAMS 0x00000000c6e00000| PB 0x00000000c6e00000| Untracked 
|  67|0x00000000c6f00000, 0x00000000c6f00000, 0x00000000c7000000|  0%| F|  |TAMS 0x00000000c6f00000| PB 0x00000000c6f00000| Untracked 
|  68|0x00000000c7000000, 0x00000000c7000000, 0x00000000c7100000|  0%| F|  |TAMS 0x00000000c7000000| PB 0x00000000c7000000| Untracked 
|  69|0x00000000c7100000, 0x00000000c7100000, 0x00000000c7200000|  0%| F|  |TAMS 0x00000000c7100000| PB 0x00000000c7100000| Untracked 
|  70|0x00000000c7200000, 0x00000000c7200000, 0x00000000c7300000|  0%| F|  |TAMS 0x00000000c7200000| PB 0x00000000c7200000| Untracked 
|  71|0x00000000c7300000, 0x00000000c7300000, 0x00000000c7400000|  0%| F|  |TAMS 0x00000000c7300000| PB 0x00000000c7300000| Untracked 
|  72|0x00000000c7400000, 0x00000000c7400000, 0x00000000c7500000|  0%| F|  |TAMS 0x00000000c7400000| PB 0x00000000c7400000| Untracked 
|  73|0x00000000c7500000, 0x00000000c7500000, 0x00000000c7600000|  0%| F|  |TAMS 0x00000000c7500000| PB 0x00000000c7500000| Untracked 
|  74|0x00000000c7600000, 0x00000000c7600000, 0x00000000c7700000|  0%| F|  |TAMS 0x00000000c7600000| PB 0x00000000c7600000| Untracked 
| 976|0x00000000ffc00000, 0x00000000ffd00000, 0x00000000ffd00000|100%| O|  |TAMS 0x00000000ffd00000| PB 0x00000000ffc00000| Untracked 
| 977|0x00000000ffd00000, 0x00000000ffe00000, 0x00000000ffe00000|100%| O|  |TAMS 0x00000000ffe00000| PB 0x00000000ffd00000| Untracked 
| 978|0x00000000ffe00000, 0x00000000fff00000, 0x00000000fff00000|100%| O|  |TAMS 0x00000000fff00000| PB 0x00000000ffe00000| Untracked 
| 979|0x00000000fff00000, 0x0000000100000000, 0x0000000100000000|100%| O|  |TAMS 0x0000000100000000| PB 0x00000000fff00000| Untracked 

Card table byte_map: [0x00000214cb260000,0x00000214cb450000] _byte_map_base: 0x00000214cac4a000

Marking Bits: (CMBitMap*) 0x00000214b8f4f880
 Bits: [0x00000214cb450000, 0x00000214cc3a0000)

Polling page: 0x00000214b6e80000

Metaspace:

Usage:
  Non-class:     43.86 MB used.
      Class:      5.56 MB used.
       Both:     49.42 MB used.

Virtual space:
  Non-class space:       64.00 MB reserved,      44.06 MB ( 69%) committed,  1 nodes.
      Class space:        1.00 GB reserved,       5.69 MB ( <1%) committed,  1 nodes.
             Both:        1.06 GB reserved,      49.75 MB (  5%) committed. 

Chunk freelists:
   Non-Class:  3.36 MB
       Class:  10.16 MB
        Both:  13.52 MB

MaxMetaspaceSize: unlimited
CompressedClassSpaceSize: 1.00 GB
Initial GC threshold: 21.00 MB
Current GC threshold: 77.19 MB
CDS: off
 - commit_granule_bytes: 65536.
 - commit_granule_words: 8192.
 - virtual_space_node_default_size: 8388608.
 - enlarge_chunks_in_place: 1.
 - use_allocation_guard: 0.


Internal statistics:

num_allocs_failed_limit: 6.
num_arena_births: 234.
num_arena_deaths: 0.
num_vsnodes_births: 2.
num_vsnodes_deaths: 0.
num_space_committed: 794.
num_space_uncommitted: 0.
num_chunks_returned_to_freelist: 6.
num_chunks_taken_from_freelist: 1715.
num_chunk_merges: 6.
num_chunk_splits: 1400.
num_chunks_enlarged: 1261.
num_inconsistent_stats: 0.

CodeHeap 'non-profiled nmethods': size=120000Kb used=2001Kb max_used=2001Kb free=117998Kb
 bounds [0x00000214c3b40000, 0x00000214c3db0000, 0x00000214cb070000]
CodeHeap 'profiled nmethods': size=120000Kb used=9830Kb max_used=9830Kb free=110169Kb
 bounds [0x00000214bc070000, 0x00000214bca10000, 0x00000214c35a0000]
CodeHeap 'non-nmethods': size=5760Kb used=1587Kb max_used=1650Kb free=4172Kb
 bounds [0x00000214c35a0000, 0x00000214c3810000, 0x00000214c3b40000]
 total_blobs=5409 nmethods=4759 adapters=553
 compilation: enabled
              stopped_count=0, restarted_count=0
 full_count=0

Compilation events (20 events):
Event: 11.472 Thread 0x00000214ceb22e60 nmethod 5398 0x00000214bca03910 code [0x00000214bca03ae0, 0x00000214bca03cd0]
Event: 11.473 Thread 0x00000214ceb22e60 5399       2       org.jetbrains.kotlin.metadata.ProtoBuf$Constructor::getValueParameterCount (10 bytes)
Event: 11.474 Thread 0x00000214ceb22e60 nmethod 5399 0x00000214bca03d90 code [0x00000214bca03f40, 0x00000214bca04078]
Event: 11.474 Thread 0x00000214ceb22e60 5400       2       org.jetbrains.kotlin.metadata.ProtoBuf$Constructor::getValueParameter (14 bytes)
Event: 11.474 Thread 0x00000214ceb22e60 nmethod 5400 0x00000214bca04110 code [0x00000214bca042c0, 0x00000214bca04428]
Event: 11.474 Thread 0x00000214ceb22e60 5401       3       org.jetbrains.kotlin.load.kotlin.FileBasedKotlinClass::resolveNameByInternalName (178 bytes)
Event: 11.476 Thread 0x00000214ceb22e60 nmethod 5401 0x00000214bca04510 code [0x00000214bca04900, 0x00000214bca06058]
Event: 11.476 Thread 0x00000214ceb22e60 5402       2       org.jetbrains.kotlin.load.kotlin.FileBasedKotlinClass$4$2::visitParameterAnnotation (87 bytes)
Event: 11.476 Thread 0x00000214ceb22e60 nmethod 5402 0x00000214bca06a10 code [0x00000214bca06c00, 0x00000214bca06e98]
Event: 11.477 Thread 0x00000214ceb22e60 5405       3       org.jetbrains.kotlin.protobuf.GeneratedMessageLite$ExtendableMessage::getExtension (32 bytes)
Event: 11.477 Thread 0x00000214ceb22e60 nmethod 5405 0x00000214bca07110 code [0x00000214bca07340, 0x00000214bca07b08]
Event: 11.477 Thread 0x00000214ceb22e60 5404       2       org.jetbrains.kotlin.fir.expressions.builder.FirExpressionStubBuilder::build (27 bytes)
Event: 11.478 Thread 0x00000214ceb22e60 nmethod 5404 0x00000214bca07d90 code [0x00000214bca07f40, 0x00000214bca08210]
Event: 11.478 Thread 0x00000214ceb22e60 5406       2       org.jetbrains.kotlin.fir.expressions.impl.FirExpressionStub::<init> (8 bytes)
Event: 11.478 Thread 0x00000214ceb22e60 nmethod 5406 0x00000214bca08310 code [0x00000214bca084c0, 0x00000214bca086d8]
Event: 11.478 Thread 0x00000214ceb22e60 5407       2       org.jetbrains.kotlin.fir.expressions.impl.FirExpressionStub::<init> (20 bytes)
Event: 11.478 Thread 0x00000214ceb22e60 nmethod 5407 0x00000214bca08790 code [0x00000214bca08940, 0x00000214bca08b58]
Event: 11.478 Thread 0x00000214ceb22e60 5403       2       org.jetbrains.kotlin.fir.java.deserialization.JvmBinaryAnnotationDeserializerKt$loadMemberAnnotations$1$AnnotationVisitorForMethod::visitParameterAnnotation (93 bytes)
Event: 11.479 Thread 0x00000214ceb22e60 nmethod 5403 0x00000214bca08c10 code [0x00000214bca08e80, 0x00000214bca094f8]
Event: 11.479 Thread 0x00000214ceb22e60 5409       3       org.jetbrains.kotlin.fir.deserialization.FirTypeDeserializer::simpleType (535 bytes)

GC Heap History (20 events):
Event: 8.531 GC heap after
{Heap after GC invocations=12 (full 0):
 garbage-first heap   total 47104K, used 25600K [0x00000000c2c00000, 0x0000000100000000)
  region size 1024K, 3 young (3072K), 3 survivors (3072K)
 Metaspace       used 39480K, committed 39680K, reserved 1114112K
  class space    used 4576K, committed 4672K, reserved 1048576K
}
Event: 8.751 GC heap before
{Heap before GC invocations=12 (full 0):
 garbage-first heap   total 47104K, used 38912K [0x00000000c2c00000, 0x0000000100000000)
  region size 1024K, 16 young (16384K), 3 survivors (3072K)
 Metaspace       used 40921K, committed 41216K, reserved 1114112K
  class space    used 4720K, committed 4864K, reserved 1048576K
}
Event: 8.761 GC heap after
{Heap after GC invocations=13 (full 0):
 garbage-first heap   total 47104K, used 28509K [0x00000000c2c00000, 0x0000000100000000)
  region size 1024K, 2 young (2048K), 2 survivors (2048K)
 Metaspace       used 40921K, committed 41216K, reserved 1114112K
  class space    used 4720K, committed 4864K, reserved 1048576K
}
Event: 9.057 GC heap before
{Heap before GC invocations=14 (full 0):
 garbage-first heap   total 48128K, used 39773K [0x00000000c2c00000, 0x0000000100000000)
  region size 1024K, 13 young (13312K), 2 survivors (2048K)
 Metaspace       used 42788K, committed 43072K, reserved 1114112K
  class space    used 4925K, committed 5056K, reserved 1048576K
}
Event: 9.064 GC heap after
{Heap after GC invocations=15 (full 0):
 garbage-first heap   total 48128K, used 30142K [0x00000000c2c00000, 0x0000000100000000)
  region size 1024K, 2 young (2048K), 2 survivors (2048K)
 Metaspace       used 42788K, committed 43072K, reserved 1114112K
  class space    used 4925K, committed 5056K, reserved 1048576K
}
Event: 9.458 GC heap before
{Heap before GC invocations=15 (full 0):
 garbage-first heap   total 48128K, used 40382K [0x00000000c2c00000, 0x0000000100000000)
  region size 1024K, 13 young (13312K), 2 survivors (2048K)
 Metaspace       used 45245K, committed 45568K, reserved 1114112K
  class space    used 5174K, committed 5312K, reserved 1048576K
}
Event: 9.467 GC heap after
{Heap after GC invocations=16 (full 0):
 garbage-first heap   total 48128K, used 30917K [0x00000000c2c00000, 0x0000000100000000)
  region size 1024K, 1 young (1024K), 1 survivors (1024K)
 Metaspace       used 45245K, committed 45568K, reserved 1114112K
  class space    used 5174K, committed 5312K, reserved 1048576K
}
Event: 9.769 GC heap before
{Heap before GC invocations=16 (full 0):
 garbage-first heap   total 48128K, used 42181K [0x00000000c2c00000, 0x0000000100000000)
  region size 1024K, 12 young (12288K), 1 survivors (1024K)
 Metaspace       used 45674K, committed 45952K, reserved 1114112K
  class space    used 5203K, committed 5312K, reserved 1048576K
}
Event: 9.784 GC heap after
{Heap after GC invocations=17 (full 0):
 garbage-first heap   total 63488K, used 35220K [0x00000000c2c00000, 0x0000000100000000)
  region size 1024K, 2 young (2048K), 2 survivors (2048K)
 Metaspace       used 45674K, committed 45952K, reserved 1114112K
  class space    used 5203K, committed 5312K, reserved 1048576K
}
Event: 10.414 GC heap before
{Heap before GC invocations=18 (full 0):
 garbage-first heap   total 63488K, used 52628K [0x00000000c2c00000, 0x0000000100000000)
  region size 1024K, 19 young (19456K), 2 survivors (2048K)
 Metaspace       used 46867K, committed 47104K, reserved 1114112K
  class space    used 5296K, committed 5440K, reserved 1048576K
}
Event: 10.431 GC heap after
{Heap after GC invocations=19 (full 0):
 garbage-first heap   total 63488K, used 40185K [0x00000000c2c00000, 0x0000000100000000)
  region size 1024K, 3 young (3072K), 3 survivors (3072K)
 Metaspace       used 46867K, committed 47104K, reserved 1114112K
  class space    used 5296K, committed 5440K, reserved 1048576K
}
Event: 10.492 GC heap before
{Heap before GC invocations=19 (full 0):
 garbage-first heap   total 63488K, used 53497K [0x00000000c2c00000, 0x0000000100000000)
  region size 1024K, 16 young (16384K), 3 survivors (3072K)
 Metaspace       used 46917K, committed 47232K, reserved 1114112K
  class space    used 5296K, committed 5440K, reserved 1048576K
}
Event: 10.512 GC heap after
{Heap after GC invocations=20 (full 0):
 garbage-first heap   total 63488K, used 45568K [0x00000000c2c00000, 0x0000000100000000)
  region size 1024K, 2 young (2048K), 2 survivors (2048K)
 Metaspace       used 46917K, committed 47232K, reserved 1114112K
  class space    used 5296K, committed 5440K, reserved 1048576K
}
Event: 10.620 GC heap before
{Heap before GC invocations=20 (full 0):
 garbage-first heap   total 63488K, used 54784K [0x00000000c2c00000, 0x0000000100000000)
  region size 1024K, 11 young (11264K), 2 survivors (2048K)
 Metaspace       used 47028K, committed 47360K, reserved 1114112K
  class space    used 5301K, committed 5440K, reserved 1048576K
}
Event: 10.627 GC heap after
{Heap after GC invocations=21 (full 0):
 garbage-first heap   total 63488K, used 47918K [0x00000000c2c00000, 0x0000000100000000)
  region size 1024K, 2 young (2048K), 2 survivors (2048K)
 Metaspace       used 47028K, committed 47360K, reserved 1114112K
  class space    used 5301K, committed 5440K, reserved 1048576K
}
Event: 10.910 GC heap before
{Heap before GC invocations=22 (full 0):
 garbage-first heap   total 80896K, used 56110K [0x00000000c2c00000, 0x0000000100000000)
  region size 1024K, 10 young (10240K), 2 survivors (2048K)
 Metaspace       used 47749K, committed 48000K, reserved 1114112K
  class space    used 5396K, committed 5504K, reserved 1048576K
}
Event: 10.918 GC heap after
{Heap after GC invocations=23 (full 0):
 garbage-first heap   total 80896K, used 49531K [0x00000000c2c00000, 0x0000000100000000)
  region size 1024K, 2 young (2048K), 2 survivors (2048K)
 Metaspace       used 47749K, committed 48000K, reserved 1114112K
  class space    used 5396K, committed 5504K, reserved 1048576K
}
Event: 11.275 GC heap before
{Heap before GC invocations=23 (full 0):
 garbage-first heap   total 80896K, used 65915K [0x00000000c2c00000, 0x0000000100000000)
  region size 1024K, 19 young (19456K), 2 survivors (2048K)
 Metaspace       used 50169K, committed 50368K, reserved 1114112K
  class space    used 5653K, committed 5760K, reserved 1048576K
}
Event: 11.288 GC heap after
{Heap after GC invocations=24 (full 0):
 garbage-first heap   total 80896K, used 52648K [0x00000000c2c00000, 0x0000000100000000)
  region size 1024K, 3 young (3072K), 3 survivors (3072K)
 Metaspace       used 50169K, committed 50368K, reserved 1114112K
  class space    used 5653K, committed 5760K, reserved 1048576K
}
Event: 11.485 GC heap before
{Heap before GC invocations=24 (full 0):
 garbage-first heap   total 80896K, used 68008K [0x00000000c2c00000, 0x0000000100000000)
  region size 1024K, 19 young (19456K), 3 survivors (3072K)
 Metaspace       used 50605K, committed 50944K, reserved 1114112K
  class space    used 5690K, committed 5824K, reserved 1048576K
}

Dll operation events (3 events):
Event: 0.022 Loaded shared library C:\Program Files\Android\Android Studio\jbr\bin\java.dll
Event: 0.043 Loaded shared library C:\Program Files\Android\Android Studio\jbr\bin\zip.dll
Event: 3.555 Loaded shared library C:\Program Files\Android\Android Studio\jbr\bin\verify.dll

Deoptimization events (20 events):
Event: 10.678 Thread 0x00000214b6c416a0 DEOPT PACKING pc=0x00000214bc7e2ba3 sp=0x0000008b1edfb440
Event: 10.678 Thread 0x00000214b6c416a0 DEOPT UNPACKING pc=0x00000214c35f4e42 sp=0x0000008b1edfa900 mode 0
Event: 10.789 Thread 0x00000214b6c416a0 Uncommon trap: trap_request=0xffffff45 fr.pc=0x00000214c3c74c78 relative=0x00000000000000d8
Event: 10.789 Thread 0x00000214b6c416a0 Uncommon trap: reason=unstable_if action=reinterpret pc=0x00000214c3c74c78 method=kotlin.collections.ArraysKt___ArraysKt.contains([Ljava/lang/Object;Ljava/lang/Object;)Z @ 11 c2
Event: 10.789 Thread 0x00000214b6c416a0 DEOPT PACKING pc=0x00000214c3c74c78 sp=0x0000008b1edfd0d0
Event: 10.789 Thread 0x00000214b6c416a0 DEOPT UNPACKING pc=0x00000214c35f46a2 sp=0x0000008b1edfd080 mode 2
Event: 10.905 Thread 0x00000214b6c416a0 DEOPT PACKING pc=0x00000214bc6ff6bd sp=0x0000008b1edf8270
Event: 10.905 Thread 0x00000214b6c416a0 DEOPT UNPACKING pc=0x00000214c35f4e42 sp=0x0000008b1edf7778 mode 0
Event: 10.997 Thread 0x00000214b6c416a0 DEOPT PACKING pc=0x00000214bc6ff6bd sp=0x0000008b1edfa2c0
Event: 10.997 Thread 0x00000214b6c416a0 DEOPT UNPACKING pc=0x00000214c35f4e42 sp=0x0000008b1edf97c8 mode 0
Event: 11.078 Thread 0x00000214b6c416a0 DEOPT PACKING pc=0x00000214bc3cf9c8 sp=0x0000008b1edfa860
Event: 11.078 Thread 0x00000214b6c416a0 DEOPT UNPACKING pc=0x00000214c35f4e42 sp=0x0000008b1edf9d38 mode 0
Event: 11.219 Thread 0x00000214b6c416a0 DEOPT PACKING pc=0x00000214bc2c039a sp=0x0000008b1edfa9e0
Event: 11.219 Thread 0x00000214b6c416a0 DEOPT UNPACKING pc=0x00000214c35f4e42 sp=0x0000008b1edf9ea0 mode 0
Event: 11.316 Thread 0x00000214b6c416a0 DEOPT PACKING pc=0x00000214bc2c039a sp=0x0000008b1edfa870
Event: 11.316 Thread 0x00000214b6c416a0 DEOPT UNPACKING pc=0x00000214c35f4e42 sp=0x0000008b1edf9d30 mode 0
Event: 11.411 Thread 0x00000214b6c416a0 Uncommon trap: trap_request=0xffffff45 fr.pc=0x00000214c3c465d0 relative=0x0000000000000110
Event: 11.411 Thread 0x00000214b6c416a0 Uncommon trap: reason=unstable_if action=reinterpret pc=0x00000214c3c465d0 method=java.text.StringCharacterIterator.current()C @ 19 c2
Event: 11.411 Thread 0x00000214b6c416a0 DEOPT PACKING pc=0x00000214c3c465d0 sp=0x0000008b1edf8c80
Event: 11.411 Thread 0x00000214b6c416a0 DEOPT UNPACKING pc=0x00000214c35f46a2 sp=0x0000008b1edf8c18 mode 2

Classes loaded (20 events):
Event: 9.159 Loading class java/security/AccessControlException
Event: 9.159 Loading class java/security/AccessControlException done
Event: 9.175 Loading class java/lang/annotation/ElementType
Event: 9.175 Loading class java/lang/annotation/ElementType done
Event: 9.175 Loading class java/lang/Deprecated
Event: 9.175 Loading class java/lang/Deprecated done
Event: 9.175 Loading class java/lang/Override
Event: 9.175 Loading class java/lang/Override done
Event: 9.252 Loading class java/text/StringCharacterIterator
Event: 9.252 Loading class java/text/CharacterIterator
Event: 9.253 Loading class java/text/CharacterIterator done
Event: 9.253 Loading class java/text/StringCharacterIterator done
Event: 9.378 Loading class java/util/ArrayList$SubList$1
Event: 9.378 Loading class java/util/ArrayList$SubList$1 done
Event: 9.944 Loading class java/util/AbstractList$ListItr
Event: 9.944 Loading class java/util/AbstractList$ListItr done
Event: 11.110 Loading class java/util/AbstractList$SubList$1
Event: 11.111 Loading class java/util/AbstractList$SubList$1 done
Event: 11.417 Loading class java/util/AbstractMap$SimpleImmutableEntry
Event: 11.418 Loading class java/util/AbstractMap$SimpleImmutableEntry done

Classes unloaded (0 events):
No events

Classes redefined (0 events):
No events

Internal exceptions (20 events):
Event: 3.586 Thread 0x00000214b6c416a0 Exception <a 'java/lang/NoSuchMethodError'{0x00000000c43ec020}: 'void java.lang.invoke.DirectMethodHandle$Holder.invokeVirtual(java.lang.Object, java.lang.Object)'> (0x00000000c43ec020) 
thrown [s\src\hotspot\share\interpreter\linkResolver.cpp, line 784]
Event: 3.596 Thread 0x00000214b6c416a0 Exception <a 'java/lang/NoSuchMethodError'{0x00000000c4276790}: 'int java.lang.invoke.DirectMethodHandle$Holder.invokeVirtual(java.lang.Object, java.lang.Object)'> (0x00000000c4276790) 
thrown [s\src\hotspot\share\interpreter\linkResolver.cpp, line 784]
Event: 3.606 Thread 0x00000214b6c416a0 Exception <a 'java/lang/NoSuchMethodError'{0x00000000c42ad0a0}: 'long java.lang.invoke.DirectMethodHandle$Holder.invokeStatic(java.lang.Object, java.lang.Object, int)'> (0x00000000c42ad0a0) 
thrown [s\src\hotspot\share\interpreter\linkResolver.cpp, line 784]
Event: 3.608 Thread 0x00000214b6c416a0 Exception <a 'java/lang/NoSuchMethodError'{0x00000000c42b8088}: 'java.lang.Object java.lang.invoke.DelegatingMethodHandle$Holder.reinvoke_L(java.lang.Object, int, long, java.lang.Object, java.lang.Object, int, java.lang.Object)'> (0x00000000c42b8088) 
thrown [s\src\hotspot\share\interpreter\linkResolver.cpp, line 784]
Event: 3.613 Thread 0x00000214b6c416a0 Exception <a 'java/lang/NoSuchMethodError'{0x00000000c42df868}: 'java.lang.Object java.lang.invoke.DirectMethodHandle$Holder.invokeStatic(java.lang.Object, java.lang.Object, int)'> (0x00000000c42df868) 
thrown [s\src\hotspot\share\interpreter\linkResolver.cpp, line 784]
Event: 3.615 Thread 0x00000214b6c416a0 Exception <a 'java/lang/NoSuchMethodError'{0x00000000c42eade8}: 'void java.lang.invoke.DelegatingMethodHandle$Holder.delegate(java.lang.Object, java.lang.Object, int, java.lang.Object)'> (0x00000000c42eade8) 
thrown [s\src\hotspot\share\interpreter\linkResolver.cpp, line 784]
Event: 3.845 Thread 0x00000214b6c416a0 Exception <a 'java/lang/NoSuchMethodError'{0x00000000c3294f48}: 'java.lang.Object java.lang.invoke.DirectMethodHandle$Holder.invokeStatic(java.lang.Object, java.lang.Object, int, java.lang.Object)'> (0x00000000c3294f48) 
thrown [s\src\hotspot\share\interpreter\linkResolver.cpp, line 784]
Event: 4.861 Thread 0x00000214b6c416a0 Exception <a 'java/lang/NoSuchMethodError'{0x00000000c47aa1c0}: 'java.lang.Object java.lang.invoke.DirectMethodHandle$Holder.newInvokeSpecial(java.lang.Object, java.lang.Object, java.lang.Object, java.lang.Object, java.lang.Object, java.lang.Object, java.lang.Object)'> (0x00000000c47aa1c0) 
thrown [s\src\hotspot\share\interpreter\linkResolver.cpp, line 784]
Event: 5.382 Thread 0x00000214b6c416a0 Exception <a 'java/lang/NoSuchMethodError'{0x00000000c4f773d0}: 'java.lang.Object java.lang.invoke.DirectMethodHandle$Holder.invokeVirtual(java.lang.Object, java.lang.Object, java.lang.Object)'> (0x00000000c4f773d0) 
thrown [s\src\hotspot\share\interpreter\linkResolver.cpp, line 784]
Event: 5.533 Thread 0x00000214b6c416a0 Exception <a 'java/lang/NoSuchMethodError'{0x00000000c4ee0d08}: 'java.lang.Object java.lang.invoke.DirectMethodHandle$Holder.newInvokeSpecial(java.lang.Object, java.lang.Object, int)'> (0x00000000c4ee0d08) 
thrown [s\src\hotspot\share\interpreter\linkResolver.cpp, line 784]
Event: 6.102 Thread 0x00000214b6c416a0 Exception <a 'java/lang/NoSuchMethodError'{0x00000000c51a8040}: 'int java.lang.invoke.DirectMethodHandle$Holder.invokeStaticInit(java.lang.Object, int)'> (0x00000000c51a8040) 
thrown [s\src\hotspot\share\interpreter\linkResolver.cpp, line 784]
Event: 9.457 Thread 0x00000214b6c416a0 Implicit null exception at 0x00000214c3bad169 to 0x00000214c3bad976
Event: 9.457 Thread 0x00000214b6c416a0 Implicit null exception at 0x00000214c3bf5ac6 to 0x00000214c3bf5d94
Event: 9.470 Thread 0x00000214b6c416a0 Implicit null exception at 0x00000214c3b81ec0 to 0x00000214c3b81f42
Event: 10.815 Thread 0x00000214b6c416a0 Exception <a 'java/lang/NoSuchMethodError'{0x00000000c753f1b0}: 'java.lang.Object java.lang.invoke.DirectMethodHandle$Holder.invokeStaticInit(java.lang.Object, java.lang.Object, java.lang.Object, java.lang.Object)'> (0x00000000c753f1b0) 
thrown [s\src\hotspot\share\interpreter\linkResolver.cpp, line 784]
Event: 11.028 Thread 0x00000214b6c416a0 Exception <a 'java/lang/NoSuchMethodError'{0x00000000c7013a88}: 'java.lang.Object java.lang.invoke.DirectMethodHandle$Holder.newInvokeSpecial(java.lang.Object, java.lang.Object, java.lang.Object, java.lang.Object, java.lang.Object, java.lang.Object)'> (0x00000000c7013a88) 
thrown [s\src\hotspot\share\interpreter\linkResolver.cpp, line 784]
Event: 11.175 Thread 0x00000214b6c416a0 Exception <a 'java/lang/NoSuchMethodError'{0x00000000c6cfedb0}: 'java.lang.Object java.lang.invoke.DirectMethodHandle$Holder.newInvokeSpecial(java.lang.Object, java.lang.Object, java.lang.Object, java.lang.Object, int)'> (0x00000000c6cfedb0) 
thrown [s\src\hotspot\share\interpreter\linkResolver.cpp, line 784]
Event: 11.175 Thread 0x00000214b6c416a0 Exception <a 'java/lang/NoSuchMethodError'{0x00000000c6b03468}: 'java.lang.Object java.lang.invoke.DirectMethodHandle$Holder.invokeSpecial(java.lang.Object, java.lang.Object, java.lang.Object, java.lang.Object, java.lang.Object, int)'> (0x00000000c6b03468) 
thrown [s\src\hotspot\share\interpreter\linkResolver.cpp, line 784]
Event: 11.176 Thread 0x00000214b6c416a0 Exception <a 'java/lang/NoSuchMethodError'{0x00000000c6b071a8}: 'java.lang.Object java.lang.invoke.Invokers$Holder.linkToTargetMethod(java.lang.Object, java.lang.Object, java.lang.Object, int, java.lang.Object)'> (0x00000000c6b071a8) 
thrown [s\src\hotspot\share\interpreter\linkResolver.cpp, line 784]
Event: 11.199 Thread 0x00000214b6c416a0 Exception <a 'java/lang/NoSuchMethodError'{0x00000000c6b4a208}: 'java.lang.Object java.lang.invoke.DirectMethodHandle$Holder.newInvokeSpecial(java.lang.Object, java.lang.Object, java.lang.Object, java.lang.Object, int, java.lang.Object, java.lang.Object)'> (0x00000000c6b4a208) 
thrown [s\src\hotspot\share\interpreter\linkResolver.cpp, line 784]

ZGC Phase Switch (0 events):
No events

VM Operations (20 events):
Event: 9.947 Executing VM operation: HandshakeAllThreads (Deoptimize) done
Event: 10.414 Executing VM operation: G1CollectForAllocation (G1 Evacuation Pause)
Event: 10.431 Executing VM operation: G1CollectForAllocation (G1 Evacuation Pause) done
Event: 10.492 Executing VM operation: G1CollectForAllocation (G1 Evacuation Pause)
Event: 10.512 Executing VM operation: G1CollectForAllocation (G1 Evacuation Pause) done
Event: 10.527 Executing VM operation: HandshakeAllThreads (Deoptimize)
Event: 10.527 Executing VM operation: HandshakeAllThreads (Deoptimize) done
Event: 10.620 Executing VM operation: G1CollectForAllocation (G1 Evacuation Pause)
Event: 10.628 Executing VM operation: G1CollectForAllocation (G1 Evacuation Pause) done
Event: 10.739 Executing VM operation: G1PauseRemark
Event: 10.745 Executing VM operation: G1PauseRemark done
Event: 10.785 Executing VM operation: G1PauseCleanup
Event: 10.786 Executing VM operation: G1PauseCleanup done
Event: 10.910 Executing VM operation: G1CollectForAllocation (G1 Evacuation Pause)
Event: 10.918 Executing VM operation: G1CollectForAllocation (G1 Evacuation Pause) done
Event: 11.180 Executing VM operation: HandshakeAllThreads (Deoptimize)
Event: 11.180 Executing VM operation: HandshakeAllThreads (Deoptimize) done
Event: 11.275 Executing VM operation: G1CollectForAllocation (G1 Evacuation Pause)
Event: 11.288 Executing VM operation: G1CollectForAllocation (G1 Evacuation Pause) done
Event: 11.485 Executing VM operation: G1CollectForAllocation (G1 Evacuation Pause)

Memory protections (0 events):
No events

Nmethod flushes (20 events):
Event: 10.745 Thread 0x00000214ce869510 flushing  nmethod 0x00000214bc430a10
Event: 10.745 Thread 0x00000214ce869510 flushing  nmethod 0x00000214bc44e010
Event: 10.745 Thread 0x00000214ce869510 flushing  nmethod 0x00000214bc563e90
Event: 10.745 Thread 0x00000214ce869510 flushing  nmethod 0x00000214bc5ff810
Event: 10.745 Thread 0x00000214ce869510 flushing  nmethod 0x00000214bc606790
Event: 10.745 Thread 0x00000214ce869510 flushing  nmethod 0x00000214bc651b10
Event: 10.745 Thread 0x00000214ce869510 flushing  nmethod 0x00000214bc6b0f10
Event: 10.745 Thread 0x00000214ce869510 flushing  nmethod 0x00000214bc6c1190
Event: 10.745 Thread 0x00000214ce869510 flushing  nmethod 0x00000214bc6c1510
Event: 10.745 Thread 0x00000214ce869510 flushing  nmethod 0x00000214bc77f010
Event: 10.745 Thread 0x00000214ce869510 flushing  nmethod 0x00000214bc787110
Event: 10.745 Thread 0x00000214ce869510 flushing  nmethod 0x00000214bc78b890
Event: 10.745 Thread 0x00000214ce869510 flushing  nmethod 0x00000214bc7a8810
Event: 10.745 Thread 0x00000214ce869510 flushing  nmethod 0x00000214bc7ac610
Event: 10.745 Thread 0x00000214ce869510 flushing  nmethod 0x00000214bc7aca90
Event: 10.745 Thread 0x00000214ce869510 flushing  nmethod 0x00000214bc7ace10
Event: 10.745 Thread 0x00000214ce869510 flushing  nmethod 0x00000214bc7ad390
Event: 10.745 Thread 0x00000214ce869510 flushing  nmethod 0x00000214bc7af410
Event: 10.745 Thread 0x00000214ce869510 flushing  nmethod 0x00000214bc7c4c10
Event: 10.745 Thread 0x00000214ce869510 flushing  nmethod 0x00000214bc7cc410

Events (15 events):
Event: 0.034 Thread 0x00000214b6c416a0 Thread added: 0x00000214b6c416a0
Event: 0.124 Thread 0x00000214b6c416a0 Thread added: 0x00000214ce8c1160
Event: 0.125 Thread 0x00000214b6c416a0 Thread added: 0x00000214ce8c4d40
Event: 0.127 Thread 0x00000214b6c416a0 Thread added: 0x00000214ceb18e10
Event: 0.128 Thread 0x00000214b6c416a0 Thread added: 0x00000214ceb19860
Event: 0.128 Thread 0x00000214b6c416a0 Thread added: 0x00000214ceb1b2c0
Event: 0.128 Thread 0x00000214b6c416a0 Thread added: 0x00000214ceb1bd10
Event: 0.129 Thread 0x00000214b6c416a0 Thread added: 0x00000214ceb1eaa0
Event: 0.129 Thread 0x00000214b6c416a0 Thread added: 0x00000214ceb22e60
Event: 0.194 Thread 0x00000214b6c416a0 Thread added: 0x00000214cecc2470
Event: 0.202 Thread 0x00000214b6c416a0 Thread added: 0x00000214ceccaae0
Event: 0.214 Loaded shared library C:\Program Files\Android\Android Studio\jbr\bin\net.dll
Event: 0.217 Loaded shared library C:\Program Files\Android\Android Studio\jbr\bin\nio.dll
Event: 0.261 Loaded shared library C:\Program Files\Android\Android Studio\jbr\bin\zip.dll
Event: 0.306 Loaded shared library C:\Program Files\Android\Android Studio\jbr\bin\jimage.dll


Dynamic libraries:
0x00007ff750640000 - 0x00007ff75064a000 	C:\Program Files\Android\Android Studio\jbr\bin\java.exe
0x00007ffe71380000 - 0x00007ffe715e3000 	C:\WINDOWS\SYSTEM32\ntdll.dll
0x00007ffe709a0000 - 0x00007ffe70a67000 	C:\WINDOWS\System32\KERNEL32.DLL
0x00007ffe6e7b0000 - 0x00007ffe6eb77000 	C:\WINDOWS\System32\KERNELBASE.dll
0x00007ffe6ee60000 - 0x00007ffe6efac000 	C:\WINDOWS\System32\ucrtbase.dll
0x00007ffe681b0000 - 0x00007ffe681cb000 	C:\Program Files\Android\Android Studio\jbr\bin\VCRUNTIME140.dll
0x00007ffe57570000 - 0x00007ffe57588000 	C:\Program Files\Android\Android Studio\jbr\bin\jli.dll
0x00007ffe6f8c0000 - 0x00007ffe6fa89000 	C:\WINDOWS\System32\USER32.dll
0x00007ffe52510000 - 0x00007ffe527a0000 	C:\WINDOWS\WinSxS\amd64_microsoft.windows.common-controls_6595b64144ccf1df_6.0.26100.3037_none_3e09262ce333c378\COMCTL32.dll
0x00007ffe70790000 - 0x00007ffe70839000 	C:\WINDOWS\System32\msvcrt.dll
0x00007ffe6efb0000 - 0x00007ffe6efd7000 	C:\WINDOWS\System32\win32u.dll
0x00007ffe70220000 - 0x00007ffe7024a000 	C:\WINDOWS\System32\GDI32.dll
0x00007ffe6efe0000 - 0x00007ffe6f10b000 	C:\WINDOWS\System32\gdi32full.dll
0x00007ffe6f110000 - 0x00007ffe6f1b3000 	C:\WINDOWS\System32\msvcp_win.dll
0x00007ffe70750000 - 0x00007ffe7077f000 	C:\WINDOWS\System32\IMM32.DLL
0x00007ffe6b300000 - 0x00007ffe6b30c000 	C:\Program Files\Android\Android Studio\jbr\bin\vcruntime140_1.dll
0x00007ffe496e0000 - 0x00007ffe4976d000 	C:\Program Files\Android\Android Studio\jbr\bin\msvcp140.dll
0x00007ffe34f00000 - 0x00007ffe35b8a000 	C:\Program Files\Android\Android Studio\jbr\bin\server\jvm.dll
0x00007ffe6f6c0000 - 0x00007ffe6f774000 	C:\WINDOWS\System32\ADVAPI32.dll
0x00007ffe70f00000 - 0x00007ffe70fa6000 	C:\WINDOWS\System32\sechost.dll
0x00007ffe70fb0000 - 0x00007ffe710c6000 	C:\WINDOWS\System32\RPCRT4.dll
0x00007ffe6f780000 - 0x00007ffe6f7f4000 	C:\WINDOWS\System32\WS2_32.dll
0x00007ffe6e5b0000 - 0x00007ffe6e5fe000 	C:\WINDOWS\SYSTEM32\POWRPROF.dll
0x00007ffe59900000 - 0x00007ffe59936000 	C:\WINDOWS\SYSTEM32\WINMM.dll
0x00007ffe62ba0000 - 0x00007ffe62bab000 	C:\WINDOWS\SYSTEM32\VERSION.dll
0x00007ffe6e590000 - 0x00007ffe6e5a4000 	C:\WINDOWS\SYSTEM32\UMPDC.dll
0x00007ffe6d550000 - 0x00007ffe6d56a000 	C:\WINDOWS\SYSTEM32\kernel.appcore.dll
0x00007ffe69210000 - 0x00007ffe6921a000 	C:\Program Files\Android\Android Studio\jbr\bin\jimage.dll
0x00007ffe6bed0000 - 0x00007ffe6c111000 	C:\WINDOWS\SYSTEM32\DBGHELP.DLL
0x00007ffe6f330000 - 0x00007ffe6f6ae000 	C:\WINDOWS\System32\combase.dll
0x00007ffe70840000 - 0x00007ffe70916000 	C:\WINDOWS\System32\OLEAUT32.dll
0x00007ffe4fd40000 - 0x00007ffe4fd79000 	C:\WINDOWS\SYSTEM32\dbgcore.DLL
0x00007ffe6ec40000 - 0x00007ffe6ecd9000 	C:\WINDOWS\System32\bcryptPrimitives.dll
0x00007ffe63990000 - 0x00007ffe639b0000 	C:\Program Files\Android\Android Studio\jbr\bin\java.dll
0x00007ffe627e0000 - 0x00007ffe627f8000 	C:\Program Files\Android\Android Studio\jbr\bin\zip.dll
0x00007ffe6fb10000 - 0x00007ffe70214000 	C:\WINDOWS\System32\SHELL32.dll
0x00007ffe6c410000 - 0x00007ffe6cc47000 	C:\WINDOWS\SYSTEM32\windows.storage.dll
0x00007ffe70610000 - 0x00007ffe706f9000 	C:\WINDOWS\System32\SHCORE.dll
0x00007ffe6f860000 - 0x00007ffe6f8bd000 	C:\WINDOWS\System32\shlwapi.dll
0x00007ffe6e630000 - 0x00007ffe6e65e000 	C:\WINDOWS\SYSTEM32\profapi.dll
0x00007ffe69160000 - 0x00007ffe69170000 	C:\Program Files\Android\Android Studio\jbr\bin\net.dll
0x00007ffe62000000 - 0x00007ffe6211e000 	C:\WINDOWS\SYSTEM32\WINHTTP.dll
0x00007ffe6da60000 - 0x00007ffe6daca000 	C:\WINDOWS\system32\mswsock.dll
0x00007ffe624e0000 - 0x00007ffe624f6000 	C:\Program Files\Android\Android Studio\jbr\bin\nio.dll
0x00007ffe60d10000 - 0x00007ffe60d20000 	C:\Program Files\Android\Android Studio\jbr\bin\verify.dll

dbghelp: loaded successfully - version: 4.0.5 - missing functions: none
symbol engine: initialized successfully - sym options: 0x614 - pdb path: .;C:\Program Files\Android\Android Studio\jbr\bin;C:\WINDOWS\SYSTEM32;C:\WINDOWS\WinSxS\amd64_microsoft.windows.common-controls_6595b64144ccf1df_6.0.26100.3037_none_3e09262ce333c378;C:\Program Files\Android\Android Studio\jbr\bin\server

VM Arguments:
java_command: org.jetbrains.kotlin.cli.jvm.K2JVMCompiler @C:\Users\Rain\StudioProjects\Kalikas-App\app\build\20250310_260459283816750706.compiler.options
java_class_path (initial): C:\Users\Rain\.gradle\caches\modules-2\files-2.1\org.jetbrains.kotlin\kotlin-compiler-embeddable\2.0.0\1de310de3446414381282ffc46c3ed3919a4d1da\kotlin-compiler-embeddable-2.0.0.jar;C:\Users\Rain\.gradle\caches\modules-2\files-2.1\org.jetbrains.kotlin\kotlin-stdlib\2.0.0\b48df2c4aede9586cc931ead433bc02d6fd7879e\kotlin-stdlib-2.0.0.jar;C:\Users\Rain\.gradle\caches\modules-2\files-2.1\org.jetbrains.kotlin\kotlin-script-runtime\2.0.0\fdc27dd047d592fa41d2dfa21e7621287a361612\kotlin-script-runtime-2.0.0.jar;C:\Users\Rain\.gradle\caches\modules-2\files-2.1\org.jetbrains.kotlin\kotlin-reflect\1.6.10\1cbe9c92c12a94eea200d23c2bbaedaf3daf5132\kotlin-reflect-1.6.10.jar;C:\Users\Rain\.gradle\caches\modules-2\files-2.1\org.jetbrains.kotlin\kotlin-daemon-embeddable\2.0.0\b39c612768614c4428c96ee9c65477181fffe9d\kotlin-daemon-embeddable-2.0.0.jar;C:\Users\Rain\.gradle\caches\modules-2\files-2.1\org.jetbrains.intellij.deps\trove4j\1.0.20200330\3afb14d5f9ceb459d724e907a21145e8ff394f02\trove4j-1.0.20200330.jar;C:\Users\Rain\.gradle\caches\modules-2\files-2.1\org.jetbrains\annotations\13.0\919f0dfe192fb4e063e7dacadee7f8bb9a2672a9\annotations-13.0.jar
Launcher Type: SUN_STANDARD

[Global flags]
     intx CICompilerCount                          = 3                                         {product} {ergonomic}
     uint ConcGCThreads                            = 1                                         {product} {ergonomic}
     uint G1ConcRefinementThreads                  = 4                                         {product} {ergonomic}
   size_t G1HeapRegionSize                         = 1048576                                   {product} {ergonomic}
    uintx GCDrainStackTargetSize                   = 64                                        {product} {ergonomic}
   size_t InitialHeapSize                          = 65011712                                  {product} {ergonomic}
   size_t MarkStackSize                            = 4194304                                   {product} {ergonomic}
   size_t MaxHeapSize                              = 1027604480                                {product} {ergonomic}
   size_t MaxNewSize                               = 616562688                                 {product} {ergonomic}
   size_t MinHeapDeltaBytes                        = 1048576                                   {product} {ergonomic}
   size_t MinHeapSize                              = 8388608                                   {product} {ergonomic}
    uintx NonNMethodCodeHeapSize                   = 5832780                                {pd product} {ergonomic}
    uintx NonProfiledCodeHeapSize                  = 122912730                              {pd product} {ergonomic}
    uintx ProfiledCodeHeapSize                     = 122912730                              {pd product} {ergonomic}
    uintx ReservedCodeCacheSize                    = 251658240                              {pd product} {ergonomic}
     bool SegmentedCodeCache                       = true                                      {product} {ergonomic}
   size_t SoftMaxHeapSize                          = 1027604480                             {manageable} {ergonomic}
     bool UseCompressedOops                        = true                           {product lp64_product} {ergonomic}
     bool UseG1GC                                  = true                                      {product} {ergonomic}
     bool UseLargePagesIndividualAllocation        = false                                  {pd product} {ergonomic}

Logging:
Log output configuration:
 #0: stdout all=warning uptime,level,tags foldmultilines=false
 #1: stderr all=off uptime,level,tags foldmultilines=false

Environment Variables:
PATH=C:\Program Files\Eclipse Adoptium\jdk-21.0.6.7-hotspot\bin;C:\Program Files\Common Files\Oracle\Java\javapath;C:\Program Files (x86)\Common Files\Oracle\Java\java8path;C:\Program Files (x86)\Common Files\Oracle\Java\javapath;C:\WINDOWS\system32;C:\WINDOWS;C:\WINDOWS\System32\Wbem;C:\WINDOWS\System32\WindowsPowerShell\v1.0\;C:\WINDOWS\System32\OpenSSH\;C:\Program Files\dotnet\;C:\ProgramData\mingw64\mingw64\bin;C:\MinGW\bin;C:\Program Files\Go\bin:Go\bin;C:\ProgramData\chocolatey\bin;C:\Program Files\Go\bin;C:\Program Files\Git\cmd;C:\Program Files (x86)\Nodist\bin;C:\Users\Rain\scoop\shims;C:\Users\Rain\AppData\Local\Programs\Python\Python313\Scripts\;C:\Users\Rain\AppData\Local\Programs\Python\Python313\;C:\Users\Rain\AppData\Local\Programs\Python\Launcher\;C:\Program Files\MySQL\MySQL Shell 8.0\bin\;C:\Users\Rain\AppData\Local\Microsoft\WindowsApps;C:\Users\Rain\AppData\Local\Programs\Microsoft VS Code\bin;C:\Users\Rain\AppData\Local\Muse Hub\lib;C:\Program Files\Go\bin:Go\bin;C:\Users\Rain\go\bin;c:\users\rain\.local\bin;
USERNAME=Rain
OS=Windows_NT
PROCESSOR_IDENTIFIER=Intel64 Family 6 Model 142 Stepping 12, GenuineIntel
TMP=C:\Users\Rain\AppData\Local\Temp
TEMP=C:\Users\Rain\AppData\Local\Temp




Periodic native trim disabled

JNI global refs:
JNI global refs: 10, weak refs: 23

JNI global refs memory usage: 835, weak refs: 833

Process memory usage:
Resident Set Size: 233772K (5% of 4013684K total physical memory with 230360K free physical memory)

OOME stack traces (most recent first):
Classloader memory used:
Loader jdk.internal.loader.ClassLoaders$AppClassLoader                                 : 39574K
Loader bootstrap                                                                       : 10799K
Loader java.net.URLClassLoader                                                         : 232K

---------------  S Y S T E M  ---------------

OS:
 Windows 11 , 64 bit Build 26100 (10.0.26100.3037)
OS uptime: 0 days 2:51 hours
Hyper-V role detected

CPU: total 4 (initial active 4) (2 cores per cpu, 2 threads per core) family 6 model 142 stepping 12 microcode 0xf8, cx8, cmov, fxsr, ht, mmx, 3dnowpref, sse, sse2, sse3, ssse3, sse4.1, sse4.2, popcnt, lzcnt, tsc, tscinvbit, avx, avx2, aes, erms, clmul, bmi1, bmi2, adx, fma, vzeroupper, clflush, clflushopt, hv, rdtscp, f16c
Processor Information for processor 0
  Max Mhz: 2592, Current Mhz: 2093, Mhz Limit: 2073
Processor Information for processor 1
  Max Mhz: 2592, Current Mhz: 1495, Mhz Limit: 2073
Processor Information for processor 2
  Max Mhz: 2592, Current Mhz: 2093, Mhz Limit: 2073
Processor Information for processor 3
  Max Mhz: 2592, Current Mhz: 2093, Mhz Limit: 2073

Memory: 4k page, system-wide physical 3919M (225M free)
TotalPageFile size 15695M (AvailPageFile size 36M)
current process WorkingSet (physical memory assigned to process): 228M, peak: 229M
current process commit charge ("private bytes"): 248M, peak: 328M

vm_info: OpenJDK 64-Bit Server VM (21.0.5+-12932927-b750.29) for windows-amd64 JRE (21.0.5+-12932927-b750.29), built on 2025-01-17T02:01:10Z by "builder" with MS VC++ 16.10 / 16.11 (VS2019)

END.
