#
# There is insufficient memory for the Java Runtime Environment to continue.
# Native memory allocation (mmap) failed to map 25165824 bytes. Error detail: G1 virtual space
# Possible reasons:
#   The system is out of physical RAM or swap space
#   This process is running with CompressedOops enabled, and the Java Heap may be blocking the growth of the native heap
# Possible solutions:
#   Reduce memory load on the system
#   Increase physical memory or swap space
#   Check if swap backing store is full
#   Decrease Java heap size (-Xmx/-Xms)
#   Decrease number of Java threads
#   Decrease Java thread stack sizes (-Xss)
#   Set larger code cache with -XX:ReservedCodeCacheSize=
#   JVM is running with Zero Based Compressed Oops mode in which the Java heap is
#     placed in the first 32GB address space. The Java Heap base address is the
#     maximum limit for the native heap growth. Please use -XX:HeapBaseMinAddress
#     to set the Java Heap base and to place the Java Heap above 32GB virtual address.
# This output file may be truncated or incomplete.
#
#  Out of Memory Error (os_windows.cpp:3828), pid=9992, tid=15844
#
# JRE version: OpenJDK Runtime Environment (21.0.5) (build 21.0.5+-12932927-b750.29)
# Java VM: OpenJDK 64-Bit Server VM (21.0.5+-12932927-b750.29, mixed mode, tiered, compressed oops, compressed class ptrs, g1 gc, windows-amd64)
# No core dump will be written. Minidumps are not enabled by default on client versions of Windows
#

---------------  S U M M A R Y ------------

Command Line: --add-opens=java.base/java.lang=ALL-UNNAMED --add-opens=java.base/java.lang.invoke=ALL-UNNAMED --add-opens=java.base/java.util=ALL-UNNAMED --add-opens=java.prefs/java.util.prefs=ALL-UNNAMED --add-exports=jdk.compiler/com.sun.tools.javac.api=ALL-UNNAMED --add-exports=jdk.compiler/com.sun.tools.javac.util=ALL-UNNAMED --add-opens=java.base/java.util=ALL-UNNAMED --add-opens=java.prefs/java.util.prefs=ALL-UNNAMED --add-opens=java.base/java.nio.charset=ALL-UNNAMED --add-opens=java.base/java.net=ALL-UNNAMED --add-opens=java.base/java.util.concurrent.atomic=ALL-UNNAMED --add-opens=java.xml/javax.xml.namespace=ALL-UNNAMED -Xmx4608m -Dfile.encoding=UTF-8 -Duser.country=US -Duser.language=en -Duser.variant -javaagent:C:\Users\Rain\.gradle\wrapper\dists\gradle-8.11.1-bin\bpt9gzteqjrbo1mjrsomdt32c\gradle-8.11.1\lib\agents\gradle-instrumentation-agent-8.11.1.jar org.gradle.launcher.daemon.bootstrap.GradleDaemon 8.11.1

Host: Intel(R) Core(TM) i3-10110U CPU @ 2.10GHz, 4 cores, 3G,  Windows 11 , 64 bit Build 26100 (10.0.26100.3323)
Time: Mon Mar 24 03:32:21 2025 Malay Peninsula Standard Time elapsed time: 12.705150 seconds (0d 0h 0m 12s)

---------------  T H R E A D  ---------------

Current thread (0x0000022b87276cd0):  VMThread "VM Thread"          [id=15844, stack(0x000000cb92300000,0x000000cb92400000) (1024K)]

Stack: [0x000000cb92300000,0x000000cb92400000]
Native frames: (J=compiled Java code, j=interpreted, Vv=VM code, C=native code)
V  [jvm.dll+0x6cfb29]
V  [jvm.dll+0x85ded3]
V  [jvm.dll+0x86042e]
V  [jvm.dll+0x860b13]
V  [jvm.dll+0x27e6b6]
V  [jvm.dll+0x6cc385]
V  [jvm.dll+0x6c078a]
V  [jvm.dll+0x35525b]
V  [jvm.dll+0x35ceb6]
V  [jvm.dll+0x3aedd6]
V  [jvm.dll+0x3af0a8]
V  [jvm.dll+0x32792c]
V  [jvm.dll+0x3279b7]
V  [jvm.dll+0x36d80c]
V  [jvm.dll+0x36bfbe]
V  [jvm.dll+0x327081]
V  [jvm.dll+0x36b6d0]
V  [jvm.dll+0x866898]
V  [jvm.dll+0x867c14]
V  [jvm.dll+0x868150]
V  [jvm.dll+0x8683e3]
V  [jvm.dll+0x806368]
V  [jvm.dll+0x6ce3fd]
C  [ucrtbase.dll+0x37b0]
C  [KERNEL32.DLL+0x2e8d7]
C  [ntdll.dll+0xbbf6c]

VM_Operation (0x000000cb937f5d50): G1CollectForAllocation, mode: safepoint, requested by thread 0x0000022b8d8e7780


---------------  P R O C E S S  ---------------

Threads class SMR info:
_java_thread_list=0x0000022b90be9130, length=43, elements={
0x0000022beb109860, 0x0000022b8756fb60, 0x0000022b875705b0, 0x0000022b875591a0,
0x0000022b8755a120, 0x0000022b87588fb0, 0x0000022b872fd470, 0x0000022b872fe800,
0x0000022b8758ab30, 0x0000022b872fad10, 0x0000022b872fcde0, 0x0000022b872f9ff0,
0x0000022b872fb3a0, 0x0000022b872fa680, 0x0000022b872fc0c0, 0x0000022b872fba30,
0x0000022b872fc750, 0x0000022b8d8e7780, 0x0000022b8d8e56b0, 0x0000022b8d8e5d40,
0x0000022b8d8e4300, 0x0000022b8d8e4990, 0x0000022b8d8e84a0, 0x0000022b8d8e63d0,
0x0000022b8d8e6a60, 0x0000022b8d8e70f0, 0x0000022b8d8e7e10, 0x0000022b8d8e5020,
0x0000022b8d8e8b30, 0x0000022b8d8eb290, 0x0000022b8d8e91c0, 0x0000022b8d8e9850,
0x0000022b8d8eac00, 0x0000022b90427f90, 0x0000022b90428620, 0x0000022b9042a6f0,
0x0000022b9042a060, 0x0000022b9042baa0, 0x0000022b9042ad80, 0x0000022b9042c130,
0x0000022b90428cb0, 0x0000022b8f8afe00, 0x0000022b9042e890
}

Java Threads: ( => current thread )
  0x0000022beb109860 JavaThread "main"                              [_thread_blocked, id=1828, stack(0x000000cb91c00000,0x000000cb91d00000) (1024K)]
  0x0000022b8756fb60 JavaThread "Reference Handler"          daemon [_thread_blocked, id=11788, stack(0x000000cb92400000,0x000000cb92500000) (1024K)]
  0x0000022b875705b0 JavaThread "Finalizer"                  daemon [_thread_blocked, id=11148, stack(0x000000cb92500000,0x000000cb92600000) (1024K)]
  0x0000022b875591a0 JavaThread "Signal Dispatcher"          daemon [_thread_blocked, id=18320, stack(0x000000cb92600000,0x000000cb92700000) (1024K)]
  0x0000022b8755a120 JavaThread "Attach Listener"            daemon [_thread_blocked, id=4820, stack(0x000000cb92700000,0x000000cb92800000) (1024K)]
  0x0000022b87588fb0 JavaThread "Service Thread"             daemon [_thread_blocked, id=13788, stack(0x000000cb92800000,0x000000cb92900000) (1024K)]
  0x0000022b872fd470 JavaThread "Monitor Deflation Thread"   daemon [_thread_blocked, id=12676, stack(0x000000cb92900000,0x000000cb92a00000) (1024K)]
  0x0000022b872fe800 JavaThread "C2 CompilerThread0"         daemon [_thread_in_native, id=11100, stack(0x000000cb92a00000,0x000000cb92b00000) (1024K)]
  0x0000022b8758ab30 JavaThread "C1 CompilerThread0"         daemon [_thread_blocked, id=1760, stack(0x000000cb92b00000,0x000000cb92c00000) (1024K)]
  0x0000022b872fad10 JavaThread "Common-Cleaner"             daemon [_thread_blocked, id=15276, stack(0x000000cb92c00000,0x000000cb92d00000) (1024K)]
  0x0000022b872fcde0 JavaThread "Notification Thread"        daemon [_thread_blocked, id=1444, stack(0x000000cb92d00000,0x000000cb92e00000) (1024K)]
  0x0000022b872f9ff0 JavaThread "Daemon health stats"               [_thread_blocked, id=6164, stack(0x000000cb93100000,0x000000cb93200000) (1024K)]
  0x0000022b872fb3a0 JavaThread "Incoming local TCP Connector on port 59905"        [_thread_in_native, id=7024, stack(0x000000cb93200000,0x000000cb93300000) (1024K)]
  0x0000022b872fa680 JavaThread "Daemon periodic checks"            [_thread_blocked, id=1008, stack(0x000000cb93300000,0x000000cb93400000) (1024K)]
  0x0000022b872fc0c0 JavaThread "Daemon"                            [_thread_blocked, id=13492, stack(0x000000cb93400000,0x000000cb93500000) (1024K)]
  0x0000022b872fba30 JavaThread "Handler for socket connection from /127.0.0.1:59905 to /127.0.0.1:59906"        [_thread_in_native, id=5092, stack(0x000000cb93500000,0x000000cb93600000) (1024K)]
  0x0000022b872fc750 JavaThread "Cancel handler"                    [_thread_blocked, id=2088, stack(0x000000cb93600000,0x000000cb93700000) (1024K)]
  0x0000022b8d8e7780 JavaThread "Daemon worker"                     [_thread_blocked, id=4824, stack(0x000000cb93700000,0x000000cb93800000) (1024K)]
  0x0000022b8d8e56b0 JavaThread "Asynchronous log dispatcher for DefaultDaemonConnection: socket connection from /127.0.0.1:59905 to /127.0.0.1:59906"        [_thread_blocked, id=7516, stack(0x000000cb93800000,0x000000cb93900000) (1024K)]
  0x0000022b8d8e5d40 JavaThread "Stdin handler"                     [_thread_blocked, id=15016, stack(0x000000cb93900000,0x000000cb93a00000) (1024K)]
  0x0000022b8d8e4300 JavaThread "Daemon client event forwarder"        [_thread_blocked, id=17604, stack(0x000000cb93a00000,0x000000cb93b00000) (1024K)]
  0x0000022b8d8e4990 JavaThread "Cache worker for journal cache (C:\Users\Rain\.gradle\caches\journal-1)"        [_thread_blocked, id=18264, stack(0x000000cb93b00000,0x000000cb93c00000) (1024K)]
  0x0000022b8d8e84a0 JavaThread "File lock request listener"        [_thread_in_native, id=12748, stack(0x000000cb93c00000,0x000000cb93d00000) (1024K)]
  0x0000022b8d8e63d0 JavaThread "Cache worker for file hash cache (C:\Users\Rain\.gradle\caches\8.11.1\fileHashes)"        [_thread_blocked, id=5768, stack(0x000000cb93d00000,0x000000cb93e00000) (1024K)]
  0x0000022b8d8e6a60 JavaThread "Cache worker for file content cache (C:\Users\Rain\.gradle\caches\8.11.1\fileContent)"        [_thread_blocked, id=19436, stack(0x000000cb93e00000,0x000000cb93f00000) (1024K)]
  0x0000022b8d8e70f0 JavaThread "Cache worker for file hash cache (C:\Users\Rain\StudioProjects\Kalikas-App\.gradle\8.11.1\fileHashes)"        [_thread_blocked, id=9912, stack(0x000000cb93f00000,0x000000cb94000000) (1024K)]
  0x0000022b8d8e7e10 JavaThread "Cache worker for Build Output Cleanup Cache (C:\Users\Rain\StudioProjects\Kalikas-App\.gradle\buildOutputCleanup)"        [_thread_blocked, id=13804, stack(0x000000cb94000000,0x000000cb94100000) (1024K)]
  0x0000022b8d8e5020 JavaThread "File watcher server"        daemon [_thread_in_native, id=16272, stack(0x000000cb94100000,0x000000cb94200000) (1024K)]
  0x0000022b8d8e8b30 JavaThread "File watcher consumer"      daemon [_thread_blocked, id=11796, stack(0x000000cb94200000,0x000000cb94300000) (1024K)]
  0x0000022b8d8eb290 JavaThread "Cache worker for checksums cache (C:\Users\Rain\StudioProjects\Kalikas-App\.gradle\8.11.1\checksums)"        [_thread_blocked, id=14836, stack(0x000000cb94300000,0x000000cb94400000) (1024K)]
  0x0000022b8d8e91c0 JavaThread "Cache worker for cache directory md-rule (C:\Users\Rain\.gradle\caches\8.11.1\md-rule)"        [_thread_blocked, id=1256, stack(0x000000cb94400000,0x000000cb94500000) (1024K)]
  0x0000022b8d8e9850 JavaThread "Cache worker for cache directory md-supplier (C:\Users\Rain\.gradle\caches\8.11.1\md-supplier)"        [_thread_blocked, id=7328, stack(0x000000cb94500000,0x000000cb94600000) (1024K)]
  0x0000022b8d8eac00 JavaThread "Unconstrained build operations"        [_thread_blocked, id=13260, stack(0x000000cb94600000,0x000000cb94700000) (1024K)]
  0x0000022b90427f90 JavaThread "Unconstrained build operations Thread 2"        [_thread_blocked, id=14608, stack(0x000000cb94700000,0x000000cb94800000) (1024K)]
  0x0000022b90428620 JavaThread "Unconstrained build operations Thread 3"        [_thread_blocked, id=12892, stack(0x000000cb94800000,0x000000cb94900000) (1024K)]
  0x0000022b9042a6f0 JavaThread "Unconstrained build operations Thread 4"        [_thread_blocked, id=13936, stack(0x000000cb94900000,0x000000cb94a00000) (1024K)]
  0x0000022b9042a060 JavaThread "Unconstrained build operations Thread 5"        [_thread_blocked, id=19084, stack(0x000000cb94a00000,0x000000cb94b00000) (1024K)]
  0x0000022b9042baa0 JavaThread "Unconstrained build operations Thread 6"        [_thread_blocked, id=3676, stack(0x000000cb94b00000,0x000000cb94c00000) (1024K)]
  0x0000022b9042ad80 JavaThread "Unconstrained build operations Thread 7"        [_thread_blocked, id=16256, stack(0x000000cb94c00000,0x000000cb94d00000) (1024K)]
  0x0000022b9042c130 JavaThread "Unconstrained build operations Thread 8"        [_thread_blocked, id=10744, stack(0x000000cb94d00000,0x000000cb94e00000) (1024K)]
  0x0000022b90428cb0 JavaThread "Unconstrained build operations Thread 9"        [_thread_blocked, id=6680, stack(0x000000cb94e00000,0x000000cb94f00000) (1024K)]
  0x0000022b8f8afe00 JavaThread "C2 CompilerThread1"         daemon [_thread_blocked, id=15048, stack(0x000000cb94f00000,0x000000cb95000000) (1024K)]
  0x0000022b9042e890 JavaThread "build event listener"              [_thread_blocked, id=8604, stack(0x000000cb95000000,0x000000cb95100000) (1024K)]
Total: 43

Other Threads:
=>0x0000022b87276cd0 VMThread "VM Thread"                           [id=15844, stack(0x000000cb92300000,0x000000cb92400000) (1024K)]
  0x0000022b8721da20 WatcherThread "VM Periodic Task Thread"        [id=15108, stack(0x000000cb92200000,0x000000cb92300000) (1024K)]
  0x0000022beca85e00 WorkerThread "GC Thread#0"                     [id=10028, stack(0x000000cb91d00000,0x000000cb91e00000) (1024K)]
  0x0000022b8c0c6b90 WorkerThread "GC Thread#1"                     [id=4804, stack(0x000000cb92e00000,0x000000cb92f00000) (1024K)]
  0x0000022b8c0a3fd0 WorkerThread "GC Thread#2"                     [id=14532, stack(0x000000cb92f00000,0x000000cb93000000) (1024K)]
  0x0000022b8c567af0 WorkerThread "GC Thread#3"                     [id=17252, stack(0x000000cb93000000,0x000000cb93100000) (1024K)]
  0x0000022beca90b30 ConcurrentGCThread "G1 Main Marker"            [id=11372, stack(0x000000cb91e00000,0x000000cb91f00000) (1024K)]
  0x0000022beca91540 WorkerThread "G1 Conc#0"                       [id=11924, stack(0x000000cb91f00000,0x000000cb92000000) (1024K)]
  0x0000022becabd940 ConcurrentGCThread "G1 Refine#0"               [id=15192, stack(0x000000cb92000000,0x000000cb92100000) (1024K)]
  0x0000022becabf270 ConcurrentGCThread "G1 Service"                [id=13800, stack(0x000000cb92100000,0x000000cb92200000) (1024K)]
Total: 10

Threads with active compile tasks:
C2 CompilerThread0  12753 8732   !   4       java.net.URLClassLoader::defineClass (224 bytes)
C1 CompilerThread0  12754 8897   !   3       org.gradle.internal.instantiation.generator.DefaultInstantiatorFactory$ManagedTypeFactory::fromState (61 bytes)
C2 CompilerThread1  12754 8772       4       sun.reflect.generics.parser.SignatureParser::parsePackageNameAndSimpleClassTypeSignature (119 bytes)
Total: 3

VM state: at safepoint (normal execution)

VM Mutex/Monitor currently owned by a thread:  ([mutex/lock_event])
[0x00007fffc9a2d360] Threads_lock - owner thread: 0x0000022b87276cd0
[0x00007fffc9a2d460] Heap_lock - owner thread: 0x0000022b8d8e7780

Heap address: 0x00000006e0000000, size: 4608 MB, Compressed Oops mode: Zero based, Oop shift amount: 3

CDS archive(s) not mapped
Compressed class space mapped at: 0x0000000800000000-0x0000000840000000, reserved size: 1073741824
Narrow klass base: 0x0000000800000000, Narrow klass shift: 0, Narrow klass range: 0x40000000

GC Precious Log:
 CardTable entry size: 512
 Card Set container configuration: InlinePtr #cards 4 size 8 Array Of Cards #cards 32 size 80 Howl #buckets 8 coarsen threshold 7372 Howl Bitmap #cards 1024 size 144 coarsen threshold 921 Card regions per heap region 1 cards per card region 8192
 CPUs: 4 total, 4 available
 Memory: 3919M
 Large Page Support: Disabled
 NUMA Support: Disabled
 Compressed Oops: Enabled (Zero based)
 Heap Region Size: 4M
 Heap Min Capacity: 8M
 Heap Initial Capacity: 64M
 Heap Max Capacity: 4608M
 Pre-touch: Disabled
 Parallel Workers: 4
 Concurrent Workers: 1
 Concurrent Refinement Workers: 4
 Periodic GC: Disabled

Heap:
 garbage-first heap   total 118784K, used 74079K [0x00000006e0000000, 0x0000000800000000)
  region size 4096K, 1 young (4096K), 1 survivors (4096K)
 Metaspace       used 78217K, committed 80000K, reserved 1179648K
  class space    used 10432K, committed 11328K, reserved 1048576K

Heap Regions: E=young(eden), S=young(survivor), O=old, HS=humongous(starts), HC=humongous(continues), CS=collection set, F=free, TAMS=top-at-mark-start, PB=parsable bottom
|   0|0x00000006e0000000, 0x00000006e0400000, 0x00000006e0400000|100%| O|  |TAMS 0x00000006e0400000| PB 0x00000006e0000000| Untracked 
|   1|0x00000006e0400000, 0x00000006e0800000, 0x00000006e0800000|100%|HS|  |TAMS 0x00000006e0800000| PB 0x00000006e0400000| Complete 
|   2|0x00000006e0800000, 0x00000006e0c00000, 0x00000006e0c00000|100%| O|  |TAMS 0x00000006e0c00000| PB 0x00000006e0800000| Untracked 
|   3|0x00000006e0c00000, 0x00000006e1000000, 0x00000006e1000000|100%| O|  |TAMS 0x00000006e1000000| PB 0x00000006e0c00000| Untracked 
|   4|0x00000006e1000000, 0x00000006e1400000, 0x00000006e1400000|100%| O|  |TAMS 0x00000006e1400000| PB 0x00000006e1000000| Untracked 
|   5|0x00000006e1400000, 0x00000006e1800000, 0x00000006e1800000|100%| O|  |TAMS 0x00000006e1800000| PB 0x00000006e1400000| Untracked 
|   6|0x00000006e1800000, 0x00000006e1c00000, 0x00000006e1c00000|100%| O|  |TAMS 0x00000006e1c00000| PB 0x00000006e1800000| Untracked 
|   7|0x00000006e1c00000, 0x00000006e2000000, 0x00000006e2000000|100%| O|  |TAMS 0x00000006e2000000| PB 0x00000006e1c00000| Untracked 
|   8|0x00000006e2000000, 0x00000006e2400000, 0x00000006e2400000|100%| O|  |TAMS 0x00000006e2400000| PB 0x00000006e2000000| Untracked 
|   9|0x00000006e2400000, 0x00000006e2800000, 0x00000006e2800000|100%| O|  |TAMS 0x00000006e2800000| PB 0x00000006e2400000| Untracked 
|  10|0x00000006e2800000, 0x00000006e2c00000, 0x00000006e2c00000|100%| O|  |TAMS 0x00000006e2c00000| PB 0x00000006e2800000| Untracked 
|  11|0x00000006e2c00000, 0x00000006e2c00000, 0x00000006e3000000|  0%| F|  |TAMS 0x00000006e2c00000| PB 0x00000006e2c00000| Untracked 
|  12|0x00000006e3000000, 0x00000006e3400000, 0x00000006e3400000|100%| O|  |TAMS 0x00000006e3400000| PB 0x00000006e3000000| Untracked 
|  13|0x00000006e3400000, 0x00000006e3800000, 0x00000006e3800000|100%| O|  |TAMS 0x00000006e3800000| PB 0x00000006e3400000| Untracked 
|  14|0x00000006e3800000, 0x00000006e3c00000, 0x00000006e3c00000|100%| O|  |TAMS 0x00000006e3c00000| PB 0x00000006e3800000| Untracked 
|  15|0x00000006e3c00000, 0x00000006e4000000, 0x00000006e4000000|100%|HS|  |TAMS 0x00000006e4000000| PB 0x00000006e3c00000| Complete 
|  16|0x00000006e4000000, 0x00000006e4400000, 0x00000006e4400000|100%| O|  |TAMS 0x00000006e4400000| PB 0x00000006e4000000| Untracked 
|  17|0x00000006e4400000, 0x00000006e4800000, 0x00000006e4800000|100%| O|  |TAMS 0x00000006e4800000| PB 0x00000006e4400000| Untracked 
|  18|0x00000006e4800000, 0x00000006e4ae7158, 0x00000006e4c00000| 72%| O|  |TAMS 0x00000006e4ae7158| PB 0x00000006e4800000| Untracked 
|  19|0x00000006e4c00000, 0x00000006e4c00000, 0x00000006e5000000|  0%| F|  |TAMS 0x00000006e4c00000| PB 0x00000006e4c00000| Untracked 
|  20|0x00000006e5000000, 0x00000006e5000000, 0x00000006e5400000|  0%| F|  |TAMS 0x00000006e5000000| PB 0x00000006e5000000| Untracked 
|  21|0x00000006e5400000, 0x00000006e5570c20, 0x00000006e5800000| 36%| S|CS|TAMS 0x00000006e5400000| PB 0x00000006e5400000| Complete 
|  22|0x00000006e5800000, 0x00000006e5800000, 0x00000006e5c00000|  0%| F|  |TAMS 0x00000006e5800000| PB 0x00000006e5800000| Untracked 
|  23|0x00000006e5c00000, 0x00000006e5c00000, 0x00000006e6000000|  0%| F|  |TAMS 0x00000006e5c00000| PB 0x00000006e5c00000| Untracked 
|  24|0x00000006e6000000, 0x00000006e6000000, 0x00000006e6400000|  0%| F|  |TAMS 0x00000006e6000000| PB 0x00000006e6000000| Untracked 
|  25|0x00000006e6400000, 0x00000006e6400000, 0x00000006e6800000|  0%| F|  |TAMS 0x00000006e6400000| PB 0x00000006e6400000| Untracked 
|  26|0x00000006e6800000, 0x00000006e6800000, 0x00000006e6c00000|  0%| F|  |TAMS 0x00000006e6800000| PB 0x00000006e6800000| Untracked 
|  27|0x00000006e6c00000, 0x00000006e6c00000, 0x00000006e7000000|  0%| F|  |TAMS 0x00000006e6c00000| PB 0x00000006e6c00000| Untracked 
|  28|0x00000006e7000000, 0x00000006e7000000, 0x00000006e7400000|  0%| F|  |TAMS 0x00000006e7000000| PB 0x00000006e7000000| Untracked 

Card table byte_map: [0x0000022b80000000,0x0000022b80900000] _byte_map_base: 0x0000022b7c900000

Marking Bits: (CMBitMap*) 0x0000022beca86410
 Bits: [0x0000022b80900000, 0x0000022b85100000)

Polling page: 0x0000022beb3b0000

Metaspace:

Usage:
  Non-class:     66.20 MB used.
      Class:     10.19 MB used.
       Both:     76.38 MB used.

Virtual space:
  Non-class space:      128.00 MB reserved,      67.06 MB ( 52%) committed,  2 nodes.
      Class space:        1.00 GB reserved,      11.06 MB (  1%) committed,  1 nodes.
             Both:        1.12 GB reserved,      78.12 MB (  7%) committed. 

Chunk freelists:
   Non-Class:  12.66 MB
       Class:  4.93 MB
        Both:  17.59 MB

MaxMetaspaceSize: unlimited
CompressedClassSpaceSize: 1.00 GB
Initial GC threshold: 21.00 MB
Current GC threshold: 119.38 MB
CDS: off
 - commit_granule_bytes: 65536.
 - commit_granule_words: 8192.
 - virtual_space_node_default_size: 8388608.
 - enlarge_chunks_in_place: 1.
 - use_allocation_guard: 0.


Internal statistics:

num_allocs_failed_limit: 12.
num_arena_births: 3202.
num_arena_deaths: 0.
num_vsnodes_births: 3.
num_vsnodes_deaths: 0.
num_space_committed: 1250.
num_space_uncommitted: 0.
num_chunks_returned_to_freelist: 12.
num_chunks_taken_from_freelist: 6286.
num_chunk_merges: 12.
num_chunk_splits: 4086.
num_chunks_enlarged: 2578.
num_inconsistent_stats: 0.

CodeHeap 'non-profiled nmethods': size=120000Kb used=3642Kb max_used=3642Kb free=116357Kb
 bounds [0x0000022bf7660000, 0x0000022bf79f0000, 0x0000022bfeb90000]
CodeHeap 'profiled nmethods': size=120000Kb used=14058Kb max_used=14368Kb free=105941Kb
 bounds [0x0000022befb90000, 0x0000022bf09b0000, 0x0000022bf70c0000]
CodeHeap 'non-nmethods': size=5760Kb used=2046Kb max_used=2113Kb free=3713Kb
 bounds [0x0000022bf70c0000, 0x0000022bf7330000, 0x0000022bf7660000]
 total_blobs=8441 nmethods=7639 adapters=705
 compilation: enabled
              stopped_count=0, restarted_count=0
 full_count=0

Compilation events (20 events):
Event: 12.654 Thread 0x0000022b8758ab30 nmethod 8887 0x0000022befc36a10 code [0x0000022befc36ba0, 0x0000022befc36d08]
Event: 12.654 Thread 0x0000022b8758ab30 8888       3       org.gradle.api.internal.provider.AbstractProperty::attachOwner (6 bytes)
Event: 12.654 Thread 0x0000022b8758ab30 nmethod 8888 0x0000022befc67d10 code [0x0000022befc67ea0, 0x0000022befc68000]
Event: 12.654 Thread 0x0000022b8758ab30 8889       3       org.gradle.api.internal.provider.DefaultValueSourceProviderFactory$ValueSourceProvider::calculateOwnValue (14 bytes)
Event: 12.654 Thread 0x0000022b8758ab30 nmethod 8889 0x0000022beff62c90 code [0x0000022beff62e80, 0x0000022beff633e0]
Event: 12.655 Thread 0x0000022b8758ab30 8890       3       org.gradle.internal.service.DefaultServiceRegistry$ClassInspector::<init> (5 bytes)
Event: 12.655 Thread 0x0000022b8758ab30 nmethod 8890 0x0000022bf0341190 code [0x0000022bf0341360, 0x0000022bf0341710]
Event: 12.655 Thread 0x0000022b8758ab30 8891       3       org.gradle.internal.service.DefaultServiceRegistry$ClassInspector::<init> (16 bytes)
Event: 12.656 Thread 0x0000022b8758ab30 nmethod 8891 0x0000022beff62490 code [0x0000022beff62660, 0x0000022beff629b0]
Event: 12.656 Thread 0x0000022b8758ab30 8892       3       org.gradle.api.internal.provider.DefaultProperty::unpackState (5 bytes)
Event: 12.656 Thread 0x0000022b8758ab30 nmethod 8892 0x0000022bf00c9890 code [0x0000022bf00c9a40, 0x0000022bf00c9c00]
Event: 12.656 Thread 0x0000022b8758ab30 8893   !   3       org.gradle.api.internal.provider.DefaultProperty::getProvider (48 bytes)
Event: 12.656 Thread 0x0000022b8758ab30 nmethod 8893 0x0000022bf071aa10 code [0x0000022bf071ac40, 0x0000022bf071b4d0]
Event: 12.656 Thread 0x0000022b8758ab30 8894       3       org.gradle.api.internal.provider.DefaultProperty::getFactoryId (4 bytes)
Event: 12.656 Thread 0x0000022b8758ab30 nmethod 8894 0x0000022befc6a690 code [0x0000022befc6a820, 0x0000022befc6a930]
Event: 12.656 Thread 0x0000022b8758ab30 8895       3       org.gradle.api.internal.provider.ManagedFactories$PropertyManagedFactory::fromState (36 bytes)
Event: 12.657 Thread 0x0000022b8758ab30 nmethod 8895 0x0000022bf02ee710 code [0x0000022bf02eea40, 0x0000022bf02eff90]
Event: 12.657 Thread 0x0000022b8758ab30 8896       3       org.gradle.internal.snapshot.impl.AbstractValueProcessor::processArray (58 bytes)
Event: 12.658 Thread 0x0000022b8758ab30 nmethod 8896 0x0000022beff70910 code [0x0000022beff70b40, 0x0000022beff71170]
Event: 12.658 Thread 0x0000022b8758ab30 8897   !   3       org.gradle.internal.instantiation.generator.DefaultInstantiatorFactory$ManagedTypeFactory::fromState (61 bytes)

GC Heap History (20 events):
Event: 7.310 GC heap after
{Heap after GC invocations=17 (full 0):
 garbage-first heap   total 98304K, used 38497K [0x00000006e0000000, 0x0000000800000000)
  region size 4096K, 2 young (8192K), 2 survivors (8192K)
 Metaspace       used 59108K, committed 60608K, reserved 1114112K
  class space    used 7966K, committed 8704K, reserved 1048576K
}
Event: 8.208 GC heap before
{Heap before GC invocations=18 (full 0):
 garbage-first heap   total 98304K, used 75361K [0x00000006e0000000, 0x0000000800000000)
  region size 4096K, 11 young (45056K), 2 survivors (8192K)
 Metaspace       used 63620K, committed 65280K, reserved 1114112K
  class space    used 8716K, committed 9536K, reserved 1048576K
}
Event: 8.216 GC heap after
{Heap after GC invocations=19 (full 0):
 garbage-first heap   total 98304K, used 41679K [0x00000006e0000000, 0x0000000800000000)
  region size 4096K, 2 young (8192K), 2 survivors (8192K)
 Metaspace       used 63620K, committed 65280K, reserved 1114112K
  class space    used 8716K, committed 9536K, reserved 1048576K
}
Event: 9.005 GC heap before
{Heap before GC invocations=19 (full 0):
 garbage-first heap   total 98304K, used 78543K [0x00000006e0000000, 0x0000000800000000)
  region size 4096K, 11 young (45056K), 2 survivors (8192K)
 Metaspace       used 69432K, committed 71104K, reserved 1114112K
  class space    used 9420K, committed 10240K, reserved 1048576K
}
Event: 9.017 GC heap after
{Heap after GC invocations=20 (full 0):
 garbage-first heap   total 98304K, used 45506K [0x00000006e0000000, 0x0000000800000000)
  region size 4096K, 2 young (8192K), 2 survivors (8192K)
 Metaspace       used 69432K, committed 71104K, reserved 1114112K
  class space    used 9420K, committed 10240K, reserved 1048576K
}
Event: 9.631 GC heap before
{Heap before GC invocations=20 (full 0):
 garbage-first heap   total 98304K, used 74178K [0x00000006e0000000, 0x0000000800000000)
  region size 4096K, 10 young (40960K), 2 survivors (8192K)
 Metaspace       used 70455K, committed 72128K, reserved 1114112K
  class space    used 9528K, committed 10368K, reserved 1048576K
}
Event: 9.643 GC heap after
{Heap after GC invocations=21 (full 0):
 garbage-first heap   total 98304K, used 50041K [0x00000006e0000000, 0x0000000800000000)
  region size 4096K, 2 young (8192K), 2 survivors (8192K)
 Metaspace       used 70455K, committed 72128K, reserved 1114112K
  class space    used 9528K, committed 10368K, reserved 1048576K
}
Event: 10.021 GC heap before
{Heap before GC invocations=21 (full 0):
 garbage-first heap   total 98304K, used 74617K [0x00000006e0000000, 0x0000000800000000)
  region size 4096K, 9 young (36864K), 2 survivors (8192K)
 Metaspace       used 70899K, committed 72576K, reserved 1114112K
  class space    used 9556K, committed 10368K, reserved 1048576K
}
Event: 10.027 GC heap after
{Heap after GC invocations=22 (full 0):
 garbage-first heap   total 118784K, used 51034K [0x00000006e0000000, 0x0000000800000000)
  region size 4096K, 1 young (4096K), 1 survivors (4096K)
 Metaspace       used 70899K, committed 72576K, reserved 1114112K
  class space    used 9556K, committed 10368K, reserved 1048576K
}
Event: 10.626 GC heap before
{Heap before GC invocations=23 (full 0):
 garbage-first heap   total 118784K, used 100186K [0x00000006e0000000, 0x0000000800000000)
  region size 4096K, 13 young (53248K), 1 survivors (4096K)
 Metaspace       used 71001K, committed 72640K, reserved 1114112K
  class space    used 9556K, committed 10368K, reserved 1048576K
}
Event: 10.632 GC heap after
{Heap after GC invocations=24 (full 0):
 garbage-first heap   total 118784K, used 53057K [0x00000006e0000000, 0x0000000800000000)
  region size 4096K, 2 young (8192K), 2 survivors (8192K)
 Metaspace       used 71001K, committed 72640K, reserved 1114112K
  class space    used 9556K, committed 10368K, reserved 1048576K
}
Event: 11.228 GC heap before
{Heap before GC invocations=24 (full 0):
 garbage-first heap   total 118784K, used 98113K [0x00000006e0000000, 0x0000000800000000)
  region size 4096K, 13 young (53248K), 2 survivors (8192K)
 Metaspace       used 71436K, committed 73088K, reserved 1114112K
  class space    used 9626K, committed 10432K, reserved 1048576K
}
Event: 11.239 GC heap after
{Heap after GC invocations=25 (full 0):
 garbage-first heap   total 118784K, used 59700K [0x00000006e0000000, 0x0000000800000000)
  region size 4096K, 2 young (8192K), 2 survivors (8192K)
 Metaspace       used 71436K, committed 73088K, reserved 1114112K
  class space    used 9626K, committed 10432K, reserved 1048576K
}
Event: 11.345 GC heap before
{Heap before GC invocations=25 (full 0):
 garbage-first heap   total 118784K, used 63796K [0x00000006e0000000, 0x0000000800000000)
  region size 4096K, 4 young (16384K), 2 survivors (8192K)
 Metaspace       used 71678K, committed 73344K, reserved 1114112K
  class space    used 9670K, committed 10496K, reserved 1048576K
}
Event: 11.350 GC heap after
{Heap after GC invocations=26 (full 0):
 garbage-first heap   total 118784K, used 62492K [0x00000006e0000000, 0x0000000800000000)
  region size 4096K, 1 young (4096K), 1 survivors (4096K)
 Metaspace       used 71678K, committed 73344K, reserved 1114112K
  class space    used 9670K, committed 10496K, reserved 1048576K
}
Event: 11.788 GC heap before
{Heap before GC invocations=27 (full 0):
 garbage-first heap   total 118784K, used 91164K [0x00000006e0000000, 0x0000000800000000)
  region size 4096K, 8 young (32768K), 1 survivors (4096K)
 Metaspace       used 73385K, committed 75008K, reserved 1114112K
  class space    used 9876K, committed 10688K, reserved 1048576K
}
Event: 11.791 GC heap after
{Heap after GC invocations=28 (full 0):
 garbage-first heap   total 118784K, used 73305K [0x00000006e0000000, 0x0000000800000000)
  region size 4096K, 1 young (4096K), 1 survivors (4096K)
 Metaspace       used 73385K, committed 75008K, reserved 1114112K
  class space    used 9876K, committed 10688K, reserved 1048576K
}
Event: 12.184 GC heap before
{Heap before GC invocations=28 (full 0):
 garbage-first heap   total 118784K, used 97881K [0x00000006e0000000, 0x0000000800000000)
  region size 4096K, 7 young (28672K), 1 survivors (4096K)
 Metaspace       used 75543K, committed 77376K, reserved 1179648K
  class space    used 10151K, committed 11072K, reserved 1048576K
}
Event: 12.192 GC heap after
{Heap after GC invocations=29 (full 0):
 garbage-first heap   total 118784K, used 73521K [0x00000006e0000000, 0x0000000800000000)
  region size 4096K, 1 young (4096K), 1 survivors (4096K)
 Metaspace       used 75543K, committed 77376K, reserved 1179648K
  class space    used 10151K, committed 11072K, reserved 1048576K
}
Event: 12.658 GC heap before
{Heap before GC invocations=29 (full 0):
 garbage-first heap   total 118784K, used 94001K [0x00000006e0000000, 0x0000000800000000)
  region size 4096K, 7 young (28672K), 1 survivors (4096K)
 Metaspace       used 78217K, committed 80000K, reserved 1179648K
  class space    used 10432K, committed 11328K, reserved 1048576K
}

Dll operation events (3 events):
Event: 0.018 Loaded shared library C:\Program Files\Android\Android Studio\jbr\bin\java.dll
Event: 0.025 Loaded shared library C:\Program Files\Android\Android Studio\jbr\bin\zip.dll
Event: 0.638 Loaded shared library C:\Program Files\Android\Android Studio\jbr\bin\verify.dll

Deoptimization events (20 events):
Event: 11.902 Thread 0x0000022b8d8e7780 Uncommon trap: trap_request=0xffffff45 fr.pc=0x0000022bf777b084 relative=0x0000000000002004
Event: 11.902 Thread 0x0000022b8d8e7780 Uncommon trap: reason=unstable_if action=reinterpret pc=0x0000022bf777b084 method=java.util.zip.InflaterInputStream.read([BII)I @ 94 c2
Event: 11.902 Thread 0x0000022b8d8e7780 DEOPT PACKING pc=0x0000022bf777b084 sp=0x000000cb937f4c10
Event: 11.902 Thread 0x0000022b8d8e7780 DEOPT UNPACKING pc=0x0000022bf71146a2 sp=0x000000cb937f4c60 mode 2
Event: 12.106 Thread 0x0000022b8d8e7780 Uncommon trap: trap_request=0xffffffde fr.pc=0x0000022bf78c69d0 relative=0x0000000000007010
Event: 12.106 Thread 0x0000022b8d8e7780 Uncommon trap: reason=class_check action=maybe_recompile pc=0x0000022bf78c69d0 method=java.util.jar.JarFile.getManifestFromReference()Ljava/util/jar/Manifest; @ 152 c2
Event: 12.106 Thread 0x0000022b8d8e7780 DEOPT PACKING pc=0x0000022bf78c69d0 sp=0x000000cb937f6540
Event: 12.106 Thread 0x0000022b8d8e7780 DEOPT UNPACKING pc=0x0000022bf71146a2 sp=0x000000cb937f63a8 mode 2
Event: 12.221 Thread 0x0000022b8d8e7780 Uncommon trap: trap_request=0xffffffc6 fr.pc=0x0000022bf7985eb8 relative=0x0000000000002db8
Event: 12.221 Thread 0x0000022b8d8e7780 Uncommon trap: reason=bimorphic_or_optimized_type_check action=maybe_recompile pc=0x0000022bf7985eb8 method=com.google.common.collect.ImmutableSet.copyOf(Ljava/util/Collection;)Lcom/google/common/collect/ImmutableSet; @ 47 c2
Event: 12.221 Thread 0x0000022b8d8e7780 DEOPT PACKING pc=0x0000022bf7985eb8 sp=0x000000cb937f7670
Event: 12.221 Thread 0x0000022b8d8e7780 DEOPT UNPACKING pc=0x0000022bf71146a2 sp=0x000000cb937f7668 mode 2
Event: 12.262 Thread 0x0000022b8d8e7780 Uncommon trap: trap_request=0xffffff45 fr.pc=0x0000022bf78b2e58 relative=0x0000000000000138
Event: 12.262 Thread 0x0000022b8d8e7780 Uncommon trap: reason=unstable_if action=reinterpret pc=0x0000022bf78b2e58 method=org.objectweb.asm.ByteVector.putInt(I)Lorg/objectweb/asm/ByteVector; @ 13 c2
Event: 12.262 Thread 0x0000022b8d8e7780 DEOPT PACKING pc=0x0000022bf78b2e58 sp=0x000000cb937f67b0
Event: 12.262 Thread 0x0000022b8d8e7780 DEOPT UNPACKING pc=0x0000022bf71146a2 sp=0x000000cb937f6738 mode 2
Event: 12.557 Thread 0x0000022b8d8e7780 Uncommon trap: trap_request=0xffffff3d fr.pc=0x0000022bf76b3724 relative=0x00000000000013e4
Event: 12.557 Thread 0x0000022b8d8e7780 Uncommon trap: reason=unstable_fused_if action=reinterpret pc=0x0000022bf76b3724 method=sun.nio.fs.WindowsPathParser.isLetter(C)Z @ 15 c2
Event: 12.557 Thread 0x0000022b8d8e7780 DEOPT PACKING pc=0x0000022bf76b3724 sp=0x000000cb937f6c10
Event: 12.557 Thread 0x0000022b8d8e7780 DEOPT UNPACKING pc=0x0000022bf71146a2 sp=0x000000cb937f6b58 mode 2

Classes loaded (20 events):
Event: 12.439 Loading class java/time/format/DateTimeFormatterBuilder$NanosPrinterParser
Event: 12.440 Loading class java/time/format/DateTimeFormatterBuilder$NanosPrinterParser done
Event: 12.440 Loading class java/time/format/DateTimeFormatterBuilder$ZoneIdPrinterParser
Event: 12.440 Loading class java/time/format/DateTimeFormatterBuilder$ZoneIdPrinterParser done
Event: 12.440 Loading class java/time/format/DateTimeFormatterBuilder$StringLiteralPrinterParser
Event: 12.440 Loading class java/time/format/DateTimeFormatterBuilder$StringLiteralPrinterParser done
Event: 12.440 Loading class java/time/format/DateTimeFormatterBuilder$InstantPrinterParser
Event: 12.440 Loading class java/time/format/DateTimeFormatterBuilder$InstantPrinterParser done
Event: 12.441 Loading class java/time/format/DateTimeTextProvider$LocaleStore
Event: 12.441 Loading class java/time/format/DateTimeTextProvider$LocaleStore done
Event: 12.441 Loading class java/time/format/DateTimeTextProvider
Event: 12.441 Loading class java/time/format/DateTimeTextProvider done
Event: 12.441 Loading class java/time/format/DateTimeTextProvider$1
Event: 12.441 Loading class java/time/format/DateTimeTextProvider$1 done
Event: 12.441 Loading class java/time/format/DateTimeFormatterBuilder$1
Event: 12.441 Loading class java/time/format/DateTimeFormatterBuilder$1 done
Event: 12.441 Loading class java/time/format/DateTimeFormatterBuilder$TextPrinterParser
Event: 12.442 Loading class java/time/format/DateTimeFormatterBuilder$TextPrinterParser done
Event: 12.443 Loading class java/util/concurrent/Executors$DefaultThreadFactory
Event: 12.443 Loading class java/util/concurrent/Executors$DefaultThreadFactory done

Classes unloaded (0 events):
No events

Classes redefined (0 events):
No events

Internal exceptions (20 events):
Event: 11.028 Thread 0x0000022b8d8e7780 Exception <a 'java/lang/NoSuchMethodError'{0x00000006e56b4be8}: 'void java.lang.invoke.DirectMethodHandle$Holder.invokeInterface(java.lang.Object, java.lang.Object, java.lang.Object, java.lang.Object)'> (0x00000006e56b4be8) 
thrown [s\src\hotspot\share\interpreter\linkResolver.cpp, line 784]
Event: 11.031 Thread 0x0000022b8d8e7780 Exception <a 'java/lang/NoSuchMethodError'{0x00000006e56d9148}: 'long java.lang.invoke.DirectMethodHandle$Holder.invokeVirtual(java.lang.Object, java.lang.Object)'> (0x00000006e56d9148) 
thrown [s\src\hotspot\share\interpreter\linkResolver.cpp, line 784]
Event: 11.035 Thread 0x0000022b8d8e4300 Exception <a 'java/lang/NoSuchMethodError'{0x00000006e575c920}: static Lorg/gradle/internal/build/event/types/DefaultOperationFinishedProgressEvent;.<clinit>()V> (0x00000006e575c920) 
thrown [s\src\hotspot\share\prims\jni.cpp, line 1135]
Event: 11.038 Thread 0x0000022b8d8e4300 Exception <a 'java/lang/NoSuchMethodError'{0x00000006e5788460}: static Lorg/gradle/internal/build/event/types/DefaultProjectConfigurationSuccessResult;.<clinit>()V> (0x00000006e5788460) 
thrown [s\src\hotspot\share\prims\jni.cpp, line 1135]
Event: 11.038 Thread 0x0000022b8d8e4300 Exception <a 'java/lang/NoSuchMethodError'{0x00000006e57899c0}: static Lorg/gradle/internal/build/event/types/AbstractProjectConfigurationResult;.<clinit>()V> (0x00000006e57899c0) 
thrown [s\src\hotspot\share\prims\jni.cpp, line 1135]
Event: 11.038 Thread 0x0000022b8d8e4300 Exception <a 'java/lang/NoSuchMethodError'{0x00000006e578b1c0}: static Lorg/gradle/internal/build/event/types/AbstractOperationResult;.<clinit>()V> (0x00000006e578b1c0) 
thrown [s\src\hotspot\share\prims\jni.cpp, line 1135]
Event: 11.038 Thread 0x0000022b8d8e4300 Exception <a 'java/lang/NoSuchMethodError'{0x00000006e578c610}: static Lorg/gradle/internal/build/event/types/AbstractResult;.<clinit>()V> (0x00000006e578c610) 
thrown [s\src\hotspot\share\prims\jni.cpp, line 1135]
Event: 11.039 Thread 0x0000022b8d8e4300 Exception <a 'java/lang/NoSuchMethodError'{0x00000006e57a6208}: static Lorg/gradle/internal/build/event/types/DefaultPluginApplicationResult;.<clinit>()V> (0x00000006e57a6208) 
thrown [s\src\hotspot\share\prims\jni.cpp, line 1135]
Event: 11.040 Thread 0x0000022b8d8e4300 Exception <a 'java/lang/NoSuchMethodError'{0x00000006e57b2fe0}: static Lorg/gradle/internal/build/event/types/DefaultBinaryPluginIdentifier;.<clinit>()V> (0x00000006e57b2fe0) 
thrown [s\src\hotspot\share\prims\jni.cpp, line 1135]
Event: 11.042 Thread 0x0000022b8d8e4300 Exception <a 'java/lang/NoSuchMethodError'{0x00000006e57cd3f0}: static Lorg/gradle/internal/build/event/types/DefaultScriptPluginIdentifier;.<clinit>()V> (0x00000006e57cd3f0) 
thrown [s\src\hotspot\share\prims\jni.cpp, line 1135]
Event: 11.103 Thread 0x0000022b8d8e7780 Implicit null exception at 0x0000022bf793fae0 to 0x0000022bf7940010
Event: 11.103 Thread 0x0000022b8d8e7780 Implicit null exception at 0x0000022bf7940860 to 0x0000022bf7940d84
Event: 11.212 Thread 0x0000022b8d8e7780 Exception <a 'java/lang/NoSuchMethodError'{0x00000006e4b4a5c0}: 'void java.lang.invoke.Invokers$Holder.invoke_MT(java.lang.Object, java.lang.Object, java.lang.Object, java.lang.Object)'> (0x00000006e4b4a5c0) 
thrown [s\src\hotspot\share\interpreter\linkResolver.cpp, line 784]
Event: 11.222 Thread 0x0000022b8d8e7780 Exception <a 'java/lang/NoSuchMethodError'{0x00000006e4bb8488}: 'java.lang.Object java.lang.invoke.DirectMethodHandle$Holder.invokeStaticInit(java.lang.Object, java.lang.Object, java.lang.Object, java.lang.Object, java.lang.Object, java.lang.Object, java.lang.Object)'> (0x00000006e4bb8488) 
thrown [s\src\hotspot\share\interpreter\linkResolver.cpp, line 784]
Event: 11.226 Thread 0x0000022b8d8e7780 Exception <a 'java/lang/NoSuchMethodError'{0x00000006e4bdf118}: 'java.lang.Object java.lang.invoke.DirectMethodHandle$Holder.invokeSpecial(java.lang.Object, java.lang.Object, java.lang.Object, int, java.lang.Object, java.lang.Object)'> (0x00000006e4bdf118) 
thrown [s\src\hotspot\share\interpreter\linkResolver.cpp, line 784]
Event: 11.454 Thread 0x0000022b8d8e7780 Exception <a 'java/lang/ClassNotFoundException'{0x00000006e6ceb490}: org/gradle/api/internal/plugins/DefaultObjectConfigurationActionBeanInfo> (0x00000006e6ceb490) 
thrown [s\src\hotspot\share\classfile\systemDictionary.cpp, line 312]
Event: 11.456 Thread 0x0000022b8d8e7780 Exception <a 'java/lang/ClassNotFoundException'{0x00000006e6cff270}: org/gradle/api/internal/plugins/DefaultObjectConfigurationActionCustomizer> (0x00000006e6cff270) 
thrown [s\src\hotspot\share\classfile\systemDictionary.cpp, line 312]
Event: 11.458 Thread 0x0000022b8d8e7780 Implicit null exception at 0x0000022bf77bc004 to 0x0000022bf77bc2b0
Event: 11.459 Thread 0x0000022b8d8e7780 Exception <a 'java/lang/NoSuchMethodError'{0x00000006e6d0c9f0}: 'int java.lang.invoke.DirectMethodHandle$Holder.invokeSpecial(java.lang.Object, java.lang.Object, java.lang.Object, int)'> (0x00000006e6d0c9f0) 
thrown [s\src\hotspot\share\interpreter\linkResolver.cpp, line 784]
Event: 11.460 Thread 0x0000022b8d8e7780 Exception <a 'java/lang/NoSuchMethodError'{0x00000006e6d1d9c0}: 'java.lang.Object java.lang.invoke.DirectMethodHandle$Holder.invokeStatic(java.lang.Object, java.lang.Object, java.lang.Object, java.lang.Object, int)'> (0x00000006e6d1d9c0) 
thrown [s\src\hotspot\share\interpreter\linkResolver.cpp, line 784]

ZGC Phase Switch (0 events):
No events

VM Operations (20 events):
Event: 10.167 Executing VM operation: G1PauseCleanup done
Event: 10.501 Executing VM operation: ICBufferFull
Event: 10.501 Executing VM operation: ICBufferFull done
Event: 10.626 Executing VM operation: G1CollectForAllocation (G1 Evacuation Pause)
Event: 10.632 Executing VM operation: G1CollectForAllocation (G1 Evacuation Pause) done
Event: 11.228 Executing VM operation: G1CollectForAllocation (G1 Evacuation Pause)
Event: 11.239 Executing VM operation: G1CollectForAllocation (G1 Evacuation Pause) done
Event: 11.285 Executing VM operation: HandshakeAllThreads (Deoptimize)
Event: 11.286 Executing VM operation: HandshakeAllThreads (Deoptimize) done
Event: 11.345 Executing VM operation: G1TryInitiateConcMark (G1 Humongous Allocation)
Event: 11.350 Executing VM operation: G1TryInitiateConcMark (G1 Humongous Allocation) done
Event: 11.449 Executing VM operation: G1PauseRemark
Event: 11.453 Executing VM operation: G1PauseRemark done
Event: 11.483 Executing VM operation: G1PauseCleanup
Event: 11.483 Executing VM operation: G1PauseCleanup done
Event: 11.788 Executing VM operation: G1CollectForAllocation (G1 Evacuation Pause)
Event: 11.791 Executing VM operation: G1CollectForAllocation (G1 Evacuation Pause) done
Event: 12.183 Executing VM operation: G1CollectForAllocation (G1 Evacuation Pause)
Event: 12.192 Executing VM operation: G1CollectForAllocation (G1 Evacuation Pause) done
Event: 12.658 Executing VM operation: G1CollectForAllocation (G1 Evacuation Pause)

Memory protections (0 events):
No events

Nmethod flushes (20 events):
Event: 11.453 Thread 0x0000022b87276cd0 flushing  nmethod 0x0000022bf03cbe90
Event: 11.453 Thread 0x0000022b87276cd0 flushing  nmethod 0x0000022bf03fff90
Event: 11.453 Thread 0x0000022b87276cd0 flushing  nmethod 0x0000022bf0400590
Event: 11.453 Thread 0x0000022b87276cd0 flushing  nmethod 0x0000022bf0401890
Event: 11.453 Thread 0x0000022b87276cd0 flushing  nmethod 0x0000022bf0403110
Event: 11.453 Thread 0x0000022b87276cd0 flushing  nmethod 0x0000022bf053ad90
Event: 11.453 Thread 0x0000022b87276cd0 flushing  nmethod 0x0000022bf053b810
Event: 11.453 Thread 0x0000022b87276cd0 flushing  nmethod 0x0000022bf0561610
Event: 11.453 Thread 0x0000022b87276cd0 flushing  nmethod 0x0000022bf0563190
Event: 11.453 Thread 0x0000022b87276cd0 flushing  nmethod 0x0000022bf0563b10
Event: 11.453 Thread 0x0000022b87276cd0 flushing  nmethod 0x0000022bf0564710
Event: 11.453 Thread 0x0000022b87276cd0 flushing  nmethod 0x0000022bf0564b90
Event: 11.453 Thread 0x0000022b87276cd0 flushing  nmethod 0x0000022bf05ef710
Event: 11.453 Thread 0x0000022b87276cd0 flushing  nmethod 0x0000022bf0694a90
Event: 11.453 Thread 0x0000022b87276cd0 flushing  nmethod 0x0000022bf06c8b10
Event: 11.453 Thread 0x0000022b87276cd0 flushing  nmethod 0x0000022bf06e6a10
Event: 11.453 Thread 0x0000022b87276cd0 flushing  nmethod 0x0000022bf0716910
Event: 11.453 Thread 0x0000022b87276cd0 flushing  nmethod 0x0000022bf071a690
Event: 11.453 Thread 0x0000022b87276cd0 flushing  nmethod 0x0000022bf071df10
Event: 11.453 Thread 0x0000022b87276cd0 flushing  nmethod 0x0000022bf0737990

Events (20 events):
Event: 3.524 Thread 0x0000022b8d8e7780 Thread added: 0x0000022b8d8e63d0
Event: 4.165 Thread 0x0000022b8d8e7780 Thread added: 0x0000022b8d8e6a60
Event: 4.414 Thread 0x0000022b8d8e7780 Thread added: 0x0000022b8d8e70f0
Event: 4.429 Thread 0x0000022b8d8e7780 Thread added: 0x0000022b8d8e7e10
Event: 4.607 Thread 0x0000022b8d8e7780 Thread added: 0x0000022b8d8e5020
Event: 4.612 Thread 0x0000022b8d8e7780 Thread added: 0x0000022b8d8e8b30
Event: 4.974 Thread 0x0000022b8d8e7780 Thread added: 0x0000022b8d8eb290
Event: 5.130 Thread 0x0000022b8d8e7780 Thread added: 0x0000022b8d8e91c0
Event: 5.236 Thread 0x0000022b8d8e7780 Thread added: 0x0000022b8d8e9850
Event: 9.217 Thread 0x0000022b8d8e7780 Thread added: 0x0000022b8d8eac00
Event: 9.217 Thread 0x0000022b8d8e7780 Thread added: 0x0000022b90427f90
Event: 9.217 Thread 0x0000022b8d8e7780 Thread added: 0x0000022b90428620
Event: 9.351 Thread 0x0000022b8d8e7780 Thread added: 0x0000022b9042a6f0
Event: 9.353 Thread 0x0000022b8d8e7780 Thread added: 0x0000022b9042a060
Event: 9.355 Thread 0x0000022b8d8e7780 Thread added: 0x0000022b9042baa0
Event: 9.801 Thread 0x0000022b8d8e7780 Thread added: 0x0000022b9042ad80
Event: 9.802 Thread 0x0000022b8d8e7780 Thread added: 0x0000022b9042c130
Event: 9.803 Thread 0x0000022b8d8e7780 Thread added: 0x0000022b90428cb0
Event: 11.825 Thread 0x0000022b8758ab30 Thread added: 0x0000022b8f8afe00
Event: 12.221 Thread 0x0000022b8d8e7780 Thread added: 0x0000022b9042e890


Dynamic libraries:
0x00007ff6ca8b0000 - 0x00007ff6ca8ba000 	C:\Program Files\Android\Android Studio\jbr\bin\java.exe
0x00007ff83f3e0000 - 0x00007ff83f643000 	C:\WINDOWS\SYSTEM32\ntdll.dll
0x00007ff83e990000 - 0x00007ff83ea57000 	C:\WINDOWS\System32\KERNEL32.DLL
0x00007ff83cbc0000 - 0x00007ff83cf89000 	C:\WINDOWS\System32\KERNELBASE.dll
0x00007ff83c930000 - 0x00007ff83ca7c000 	C:\WINDOWS\System32\ucrtbase.dll
0x00007ff839140000 - 0x00007ff83915b000 	C:\Program Files\Android\Android Studio\jbr\bin\VCRUNTIME140.dll
0x00007ff822bb0000 - 0x00007ff822bc8000 	C:\Program Files\Android\Android Studio\jbr\bin\jli.dll
0x00007ff83e4f0000 - 0x00007ff83e6ba000 	C:\WINDOWS\System32\USER32.dll
0x00007ff83d1d0000 - 0x00007ff83d1f7000 	C:\WINDOWS\System32\win32u.dll
0x00007ff826330000 - 0x00007ff8265c0000 	C:\WINDOWS\WinSxS\amd64_microsoft.windows.common-controls_6595b64144ccf1df_6.0.26100.3323_none_3e088096e3344490\COMCTL32.dll
0x00007ff83d7b0000 - 0x00007ff83d7da000 	C:\WINDOWS\System32\GDI32.dll
0x00007ff83ebe0000 - 0x00007ff83ec89000 	C:\WINDOWS\System32\msvcrt.dll
0x00007ff83ca80000 - 0x00007ff83cbb1000 	C:\WINDOWS\System32\gdi32full.dll
0x00007ff83c5e0000 - 0x00007ff83c683000 	C:\WINDOWS\System32\msvcp_win.dll
0x00007ff83eee0000 - 0x00007ff83ef0f000 	C:\WINDOWS\System32\IMM32.DLL
0x00007ff839130000 - 0x00007ff83913c000 	C:\Program Files\Android\Android Studio\jbr\bin\vcruntime140_1.dll
0x00007ff80f940000 - 0x00007ff80f9cd000 	C:\Program Files\Android\Android Studio\jbr\bin\msvcp140.dll
0x00007fffc8e80000 - 0x00007fffc9b0a000 	C:\Program Files\Android\Android Studio\jbr\bin\server\jvm.dll
0x00007ff83e280000 - 0x00007ff83e332000 	C:\WINDOWS\System32\ADVAPI32.dll
0x00007ff83ee30000 - 0x00007ff83eed6000 	C:\WINDOWS\System32\sechost.dll
0x00007ff83e340000 - 0x00007ff83e456000 	C:\WINDOWS\System32\RPCRT4.dll
0x00007ff83eb60000 - 0x00007ff83ebd4000 	C:\WINDOWS\System32\WS2_32.dll
0x00007ff83c470000 - 0x00007ff83c4be000 	C:\WINDOWS\SYSTEM32\POWRPROF.dll
0x00007ff8341c0000 - 0x00007ff8341cb000 	C:\WINDOWS\SYSTEM32\VERSION.dll
0x00007ff823ff0000 - 0x00007ff824026000 	C:\WINDOWS\SYSTEM32\WINMM.dll
0x00007ff83c450000 - 0x00007ff83c464000 	C:\WINDOWS\SYSTEM32\UMPDC.dll
0x00007ff83b400000 - 0x00007ff83b41a000 	C:\WINDOWS\SYSTEM32\kernel.appcore.dll
0x00007ff839120000 - 0x00007ff83912a000 	C:\Program Files\Android\Android Studio\jbr\bin\jimage.dll
0x00007ff839d30000 - 0x00007ff839f71000 	C:\WINDOWS\SYSTEM32\DBGHELP.DLL
0x00007ff83f010000 - 0x00007ff83f392000 	C:\WINDOWS\System32\combase.dll
0x00007ff83ef30000 - 0x00007ff83f006000 	C:\WINDOWS\System32\OLEAUT32.dll
0x00007ff81c730000 - 0x00007ff81c769000 	C:\WINDOWS\SYSTEM32\dbgcore.DLL
0x00007ff83c890000 - 0x00007ff83c929000 	C:\WINDOWS\System32\bcryptPrimitives.dll
0x00007ff8391d0000 - 0x00007ff8391de000 	C:\Program Files\Android\Android Studio\jbr\bin\instrument.dll
0x00007ff82f0d0000 - 0x00007ff82f0f0000 	C:\Program Files\Android\Android Studio\jbr\bin\java.dll
0x00007ff815760000 - 0x00007ff815778000 	C:\Program Files\Android\Android Studio\jbr\bin\zip.dll
0x00007ff83db60000 - 0x00007ff83e275000 	C:\WINDOWS\System32\SHELL32.dll
0x00007ff83c690000 - 0x00007ff83c7f8000 	C:\WINDOWS\System32\wintypes.dll
0x00007ff83a2b0000 - 0x00007ff83aaf5000 	C:\WINDOWS\SYSTEM32\windows.storage.dll
0x00007ff83da20000 - 0x00007ff83db0b000 	C:\WINDOWS\System32\SHCORE.dll
0x00007ff83d7e0000 - 0x00007ff83d83d000 	C:\WINDOWS\System32\shlwapi.dll
0x00007ff83c4f0000 - 0x00007ff83c51f000 	C:\WINDOWS\SYSTEM32\profapi.dll
0x00007ff839110000 - 0x00007ff839120000 	C:\Program Files\Android\Android Studio\jbr\bin\net.dll
0x00007ff830750000 - 0x00007ff83086e000 	C:\WINDOWS\SYSTEM32\WINHTTP.dll
0x00007ff83b920000 - 0x00007ff83b98a000 	C:\WINDOWS\system32\mswsock.dll
0x00007ff815740000 - 0x00007ff815756000 	C:\Program Files\Android\Android Studio\jbr\bin\nio.dll
0x00007ff81ca40000 - 0x00007ff81ca50000 	C:\Program Files\Android\Android Studio\jbr\bin\verify.dll
0x00007ff82bbc0000 - 0x00007ff82bbe7000 	C:\Users\Rain\.gradle\native\c067742578af261105cb4f569cf0c3c89f3d7b1fecec35dd04571415982c5e48\windows-amd64\native-platform.dll
0x00007ffff23a0000 - 0x00007ffff24e4000 	C:\Users\Rain\.gradle\native\100fb08df4bc3b14c8652ba06237920a3bd2aa13389f12d3474272988ae205f9\windows-amd64\native-platform-file-events.dll
0x00007ff822ec0000 - 0x00007ff822ec9000 	C:\Program Files\Android\Android Studio\jbr\bin\management.dll
0x00007ff822bf0000 - 0x00007ff822bfb000 	C:\Program Files\Android\Android Studio\jbr\bin\management_ext.dll
0x00007ff83ef20000 - 0x00007ff83ef28000 	C:\WINDOWS\System32\PSAPI.DLL
0x00007ff83bbc0000 - 0x00007ff83bbdc000 	C:\WINDOWS\SYSTEM32\CRYPTSP.dll
0x00007ff83b360000 - 0x00007ff83b39a000 	C:\WINDOWS\system32\rsaenh.dll
0x00007ff83b9c0000 - 0x00007ff83b9eb000 	C:\WINDOWS\SYSTEM32\USERENV.dll
0x00007ff83be00000 - 0x00007ff83be26000 	C:\WINDOWS\SYSTEM32\bcrypt.dll
0x00007ff83bbe0000 - 0x00007ff83bbec000 	C:\WINDOWS\SYSTEM32\CRYPTBASE.dll
0x00007ff83aea0000 - 0x00007ff83aed3000 	C:\WINDOWS\SYSTEM32\IPHLPAPI.DLL
0x00007ff83e460000 - 0x00007ff83e46a000 	C:\WINDOWS\System32\NSI.dll
0x00007ff824fe0000 - 0x00007ff824fe9000 	C:\Program Files\Android\Android Studio\jbr\bin\extnet.dll
0x00007ff825d30000 - 0x00007ff825d38000 	C:\WINDOWS\system32\wshunix.dll
0x00007ff83aee0000 - 0x00007ff83b005000 	C:\WINDOWS\SYSTEM32\DNSAPI.dll
0x00007ff821d50000 - 0x00007ff821d5b000 	C:\Windows\System32\rasadhlp.dll

dbghelp: loaded successfully - version: 4.0.5 - missing functions: none
symbol engine: initialized successfully - sym options: 0x614 - pdb path: .;C:\Program Files\Android\Android Studio\jbr\bin;C:\WINDOWS\SYSTEM32;C:\WINDOWS\WinSxS\amd64_microsoft.windows.common-controls_6595b64144ccf1df_6.0.26100.3323_none_3e088096e3344490;C:\Program Files\Android\Android Studio\jbr\bin\server;C:\Users\Rain\.gradle\native\c067742578af261105cb4f569cf0c3c89f3d7b1fecec35dd04571415982c5e48\windows-amd64;C:\Users\Rain\.gradle\native\100fb08df4bc3b14c8652ba06237920a3bd2aa13389f12d3474272988ae205f9\windows-amd64

VM Arguments:
jvm_args: --add-opens=java.base/java.lang=ALL-UNNAMED --add-opens=java.base/java.lang.invoke=ALL-UNNAMED --add-opens=java.base/java.util=ALL-UNNAMED --add-opens=java.prefs/java.util.prefs=ALL-UNNAMED --add-exports=jdk.compiler/com.sun.tools.javac.api=ALL-UNNAMED --add-exports=jdk.compiler/com.sun.tools.javac.util=ALL-UNNAMED --add-opens=java.base/java.util=ALL-UNNAMED --add-opens=java.prefs/java.util.prefs=ALL-UNNAMED --add-opens=java.base/java.nio.charset=ALL-UNNAMED --add-opens=java.base/java.net=ALL-UNNAMED --add-opens=java.base/java.util.concurrent.atomic=ALL-UNNAMED --add-opens=java.xml/javax.xml.namespace=ALL-UNNAMED -Xmx4608m -Dfile.encoding=UTF-8 -Duser.country=US -Duser.language=en -Duser.variant -javaagent:C:\Users\Rain\.gradle\wrapper\dists\gradle-8.11.1-bin\bpt9gzteqjrbo1mjrsomdt32c\gradle-8.11.1\lib\agents\gradle-instrumentation-agent-8.11.1.jar 
java_command: org.gradle.launcher.daemon.bootstrap.GradleDaemon 8.11.1
java_class_path (initial): C:\Users\Rain\.gradle\wrapper\dists\gradle-8.11.1-bin\bpt9gzteqjrbo1mjrsomdt32c\gradle-8.11.1\lib\gradle-daemon-main-8.11.1.jar
Launcher Type: SUN_STANDARD

[Global flags]
     intx CICompilerCount                          = 3                                         {product} {ergonomic}
     uint ConcGCThreads                            = 1                                         {product} {ergonomic}
     uint G1ConcRefinementThreads                  = 4                                         {product} {ergonomic}
   size_t G1HeapRegionSize                         = 4194304                                   {product} {ergonomic}
    uintx GCDrainStackTargetSize                   = 64                                        {product} {ergonomic}
   size_t InitialHeapSize                          = 67108864                                  {product} {ergonomic}
   size_t MarkStackSize                            = 4194304                                   {product} {ergonomic}
   size_t MaxHeapSize                              = 4831838208                                {product} {command line}
   size_t MaxNewSize                               = 2898264064                                {product} {ergonomic}
   size_t MinHeapDeltaBytes                        = 4194304                                   {product} {ergonomic}
   size_t MinHeapSize                              = 8388608                                   {product} {ergonomic}
    uintx NonNMethodCodeHeapSize                   = 5832780                                {pd product} {ergonomic}
    uintx NonProfiledCodeHeapSize                  = 122912730                              {pd product} {ergonomic}
    uintx ProfiledCodeHeapSize                     = 122912730                              {pd product} {ergonomic}
    uintx ReservedCodeCacheSize                    = 251658240                              {pd product} {ergonomic}
     bool SegmentedCodeCache                       = true                                      {product} {ergonomic}
   size_t SoftMaxHeapSize                          = 4831838208                             {manageable} {ergonomic}
     bool UseCompressedOops                        = true                           {product lp64_product} {ergonomic}
     bool UseG1GC                                  = true                                      {product} {ergonomic}
     bool UseLargePagesIndividualAllocation        = false                                  {pd product} {ergonomic}

Logging:
Log output configuration:
 #0: stdout all=warning uptime,level,tags foldmultilines=false
 #1: stderr all=off uptime,level,tags foldmultilines=false

Environment Variables:
PATH=C:\Program Files\Eclipse Adoptium\jdk-21.0.6.7-hotspot\bin;C:\Program Files\Common Files\Oracle\Java\javapath;C:\Program Files (x86)\Common Files\Oracle\Java\java8path;C:\Program Files (x86)\Common Files\Oracle\Java\javapath;C:\WINDOWS\system32;C:\WINDOWS;C:\WINDOWS\System32\Wbem;C:\WINDOWS\System32\WindowsPowerShell\v1.0\;C:\WINDOWS\System32\OpenSSH\;C:\Program Files\dotnet\;C:\ProgramData\mingw64\mingw64\bin;C:\MinGW\bin;C:\Program Files\Go\bin:Go\bin;C:\ProgramData\chocolatey\bin;C:\Program Files\Go\bin;C:\Program Files\Git\cmd;C:\Program Files (x86)\Nodist\bin;C:\Users\Rain\AppData\Local\Programs\Python\Python313\Scripts\;C:\Users\Rain\AppData\Local\Programs\Python\Python313\;C:\Users\Rain\AppData\Local\Programs\Python\Launcher\;C:\Users\Rain\scoop\shims;C:\Program Files\MySQL\MySQL Shell 8.0\bin\;C:\Users\Rain\AppData\Local\Microsoft\WindowsApps;C:\Users\Rain\AppData\Local\Programs\Microsoft VS Code\bin;C:\Users\Rain\AppData\Local\Muse Hub\lib;C:\Program Files\Go\bin:Go\bin;C:\Users\Rain\go\bin;c:\users\rain\.local\bin;
USERNAME=Rain
OS=Windows_NT
PROCESSOR_IDENTIFIER=Intel64 Family 6 Model 142 Stepping 12, GenuineIntel
TMP=C:\Users\Rain\AppData\Local\Temp
TEMP=C:\Users\Rain\AppData\Local\Temp




Periodic native trim disabled

JNI global refs:
JNI global refs: 26, weak refs: 8

JNI global refs memory usage: 835, weak refs: 833

Process memory usage:
Resident Set Size: 351588K (8% of 4013684K total physical memory with 452372K free physical memory)

OOME stack traces (most recent first):
Classloader memory used:
Loader org.gradle.internal.classloader.VisitableURLClassLoader                         : 34572K
Loader bootstrap                                                                       : 26125K
Loader org.gradle.initialization.MixInLegacyTypesClassLoader                           : 10880K
Loader org.gradle.internal.classloader.VisitableURLClassLoader$InstrumentingVisitableURLClassLoader: 5477K
Loader jdk.internal.loader.ClassLoaders$PlatformClassLoader                            : 628K
Loader jdk.internal.loader.ClassLoaders$AppClassLoader                                 : 235K
Loader org.gradle.internal.classloader.VisitableURLClassLoader                         : 157K
Loader jdk.internal.reflect.DelegatingClassLoader                                      : 140K

Classes loaded by more than one classloader:
Class Program                                                                         : loaded 4 times (x 70B)
Class com.google.common.base.Equivalence$Identity                                     : loaded 2 times (x 78B)
Class com.google.common.collect.RegularImmutableMap$KeySet                            : loaded 2 times (x 146B)
Class org.gradle.internal.classloader.FilteringClassLoader                            : loaded 2 times (x 101B)
Class [Lcom.google.common.base.AbstractIterator$State;                                : loaded 2 times (x 65B)
Class com.google.common.base.CharMatcher$IsEither                                     : loaded 2 times (x 107B)
Class org.gradle.internal.classloader.ClassLoaderHierarchy                            : loaded 2 times (x 66B)
Class com.google.common.util.concurrent.ExecutionError                                : loaded 2 times (x 78B)
Class com.google.common.collect.ImmutableList$1                                       : loaded 2 times (x 93B)
Class org.gradle.api.internal.classpath.ManifestUtil                                  : loaded 2 times (x 67B)
Class com.google.common.collect.RegularImmutableMap                                   : loaded 2 times (x 117B)
Class com.google.common.collect.ImmutableMap$MapViewOfValuesAsSingletonSets           : loaded 2 times (x 121B)
Class com.google.common.collect.UnmodifiableListIterator                              : loaded 2 times (x 91B)
Class [Lcom.google.common.cache.CacheBuilder$OneWeigher;                              : loaded 2 times (x 65B)
Class com.google.common.base.Suppliers                                                : loaded 2 times (x 67B)
Class org.gradle.internal.classloader.DefaultClassLoaderFactory                       : loaded 2 times (x 78B)
Class com.google.common.base.CharMatcher$None                                         : loaded 2 times (x 108B)
Class org.gradle.internal.classloader.ClassLoaderVisitor                              : loaded 2 times (x 72B)
Class [Lcom.google.common.collect.ImmutableMapEntry;                                  : loaded 2 times (x 65B)
Class org.gradle.api.internal.classpath.EffectiveClassPath                            : loaded 2 times (x 86B)
Class com.google.common.collect.ImmutableEnumMap                                      : loaded 2 times (x 121B)
Class com.google.common.collect.ListMultimap                                          : loaded 2 times (x 66B)
Class com.google.common.base.Splitter                                                 : loaded 2 times (x 68B)
Class org.gradle.api.internal.DefaultClassPathProvider                                : loaded 2 times (x 72B)
Class [Lorg.gradle.api.internal.ClassPathProvider;                                    : loaded 2 times (x 65B)
Class org.gradle.api.internal.ClassPathProvider                                       : loaded 2 times (x 66B)
Class com.google.common.cache.LocalCache$LocalLoadingCache                            : loaded 2 times (x 130B)
Class com.google.common.base.AbstractIterator$State                                   : loaded 2 times (x 75B)
Class org.gradle.internal.service.UnknownServiceException                             : loaded 2 times (x 79B)
Class com.google.common.cache.LocalCache$Strength$1                                   : loaded 2 times (x 77B)
Class com.google.common.cache.LocalCache$Strength$2                                   : loaded 2 times (x 77B)
Class com.google.common.cache.LocalCache$Strength$3                                   : loaded 2 times (x 77B)
Class com.google.common.collect.MapDifference                                         : loaded 2 times (x 66B)
Class com.google.common.base.Splitter$1                                               : loaded 2 times (x 73B)
Class com.google.common.cache.CacheBuilder$NullListener                               : loaded 2 times (x 78B)
Class org.gradle.internal.classpath.TransformedClassPath                              : loaded 2 times (x 92B)
Class org.gradle.internal.classloader.InstrumentingClassLoader                        : loaded 2 times (x 66B)
Class com.google.common.cache.CacheLoader$FunctionToCacheLoader                       : loaded 2 times (x 71B)
Class com.google.common.collect.Iterators$ArrayItr                                    : loaded 2 times (x 93B)
Class com.google.common.collect.ImmutableCollection$Builder                           : loaded 2 times (x 72B)
Class com.google.common.base.MoreObjects                                              : loaded 2 times (x 67B)
Class com.google.common.collect.Platform                                              : loaded 2 times (x 67B)
Class com.google.common.collect.UnmodifiableIterator                                  : loaded 2 times (x 76B)
Class org.gradle.internal.service.ServiceLocator                                      : loaded 2 times (x 66B)
Class com.google.common.cache.LocalCache$1                                            : loaded 2 times (x 85B)
Class com.google.common.collect.AbstractMapEntry                                      : loaded 2 times (x 77B)
Class com.google.common.cache.LocalCache$2                                            : loaded 2 times (x 138B)
Class com.google.common.collect.AbstractMultimap                                      : loaded 2 times (x 119B)
Class com.google.common.collect.RegularImmutableAsList                                : loaded 2 times (x 212B)
Class com.google.common.collect.Iterators                                             : loaded 2 times (x 67B)
Class com.google.common.base.CharMatcher$RangesMatcher                                : loaded 2 times (x 108B)
Class com.google.common.util.concurrent.UncheckedExecutionException                   : loaded 2 times (x 78B)
Class com.google.common.collect.Lists$StringAsImmutableList                           : loaded 2 times (x 203B)
Class org.gradle.kotlin.dsl.VersionCatalogAccessorsKt                                 : loaded 2 times (x 67B)
Class com.google.common.base.CharMatcher$JavaLetterOrDigit                            : loaded 2 times (x 107B)
Class org.gradle.internal.InternalTransformer                                         : loaded 2 times (x 66B)
Class com.google.common.cache.CacheLoader$UnsupportedLoadingOperationException        : loaded 2 times (x 78B)
Class com.google.common.base.CharMatcher$And                                          : loaded 2 times (x 108B)
Class org.gradle.internal.classloader.ClasspathUtil$1                                 : loaded 2 times (x 72B)
Class com.google.common.collect.IndexedImmutableSet                                   : loaded 2 times (x 146B)
Class com.google.common.collect.ImmutableMap$1                                        : loaded 2 times (x 77B)
Class com.google.common.collect.BiMap                                                 : loaded 2 times (x 66B)
Class org.gradle.api.internal.classpath.DefaultModuleRegistry$DefaultModule           : loaded 2 times (x 82B)
Class com.google.common.collect.AbstractIterator                                      : loaded 2 times (x 78B)
Class com.google.common.math.MathPreconditions                                        : loaded 2 times (x 67B)
Class com.google.common.collect.Multiset                                              : loaded 2 times (x 66B)
Class com.google.common.collect.ArrayListMultimapGwtSerializationDependencies         : loaded 2 times (x 168B)
Class com.google.common.collect.ObjectArrays                                          : loaded 2 times (x 67B)
Class com.google.common.collect.AbstractIndexedListIterator                           : loaded 2 times (x 92B)
Class com.google.common.collect.ImmutableMapEntrySet                                  : loaded 2 times (x 147B)
Class org.gradle.api.internal.classpath.Module                                        : loaded 2 times (x 66B)
Class com.google.common.cache.Weigher                                                 : loaded 2 times (x 66B)
Class org.gradle.api.internal.classpath.UnknownModuleException                        : loaded 2 times (x 78B)
Class com.google.common.cache.LocalCache$Strength                                     : loaded 2 times (x 77B)
Class com.google.common.cache.Cache                                                   : loaded 2 times (x 66B)
Class com.google.common.collect.ImmutableMap$Builder                                  : loaded 2 times (x 78B)
Class com.google.common.base.NullnessCasts                                            : loaded 2 times (x 67B)
Class com.google.common.cache.RemovalListener                                         : loaded 2 times (x 66B)
Class org.gradle.api.internal.DefaultClassPathRegistry                                : loaded 2 times (x 72B)
Class com.google.common.collect.Multimap                                              : loaded 2 times (x 66B)
Class org.gradle.api.internal.ClassPathRegistry                                       : loaded 2 times (x 66B)
Class org.gradle.internal.classpath.DefaultClassPath$ImmutableUniqueList              : loaded 2 times (x 195B)
Class com.google.common.cache.CacheBuilder                                            : loaded 2 times (x 68B)
Class com.google.common.collect.SingletonImmutableList                                : loaded 2 times (x 203B)
Class com.google.common.base.PairwiseEquivalence                                      : loaded 2 times (x 79B)
Class Settings_gradle$1                                                               : loaded 2 times (x 70B)
Class org.gradle.internal.classpath.ClassPath                                         : loaded 2 times (x 66B)
Class org.gradle.api.UncheckedIOException                                             : loaded 2 times (x 78B)
Class com.google.common.collect.ImmutableList$ReverseImmutableList                    : loaded 2 times (x 204B)
Class com.google.common.base.JdkPattern                                               : loaded 2 times (x 71B)
Class com.google.common.base.Suppliers$SupplierOfInstance                             : loaded 2 times (x 75B)
Class com.google.common.collect.Iterators$1                                           : loaded 2 times (x 77B)
Class com.google.common.cache.LocalCache$ComputingValueReference                      : loaded 2 times (x 92B)
Class com.google.common.collect.SingletonImmutableSet                                 : loaded 2 times (x 142B)
Class com.google.common.collect.ImmutableMap$IteratorBasedImmutableMap                : loaded 2 times (x 121B)
Class com.google.common.cache.LocalCache$Segment                                      : loaded 2 times (x 150B)
Class com.google.common.cache.CacheLoader                                             : loaded 2 times (x 70B)
Class com.google.common.collect.Iterators$4                                           : loaded 2 times (x 78B)
Class com.google.common.collect.ImmutableBiMap                                        : loaded 2 times (x 139B)
Class com.google.common.collect.AbstractListMultimap                                  : loaded 2 times (x 168B)
Class org.gradle.internal.installation.GradleInstallation$1                           : loaded 2 times (x 71B)
Class org.gradle.api.internal.classpath.ModuleRegistry                                : loaded 2 times (x 66B)
Class com.google.common.collect.Iterators$5                                           : loaded 2 times (x 78B)
Class com.google.common.collect.ImmutableSet$JdkBackedSetBuilderImpl                  : loaded 2 times (x 72B)
Class com.google.common.base.Splitter$SplittingIterator                               : loaded 2 times (x 80B)
Class com.google.common.cache.LocalCache$LocalManualCache$1                           : loaded 2 times (x 71B)
Class com.google.common.base.CharMatcher$ForPredicate                                 : loaded 2 times (x 108B)
Class com.google.common.collect.ImmutableCollection                                   : loaded 2 times (x 121B)
Class com.google.common.base.CharMatcher$AnyOf                                        : loaded 2 times (x 108B)
Class org.gradle.api.internal.classpath.DefaultModuleRegistry                         : loaded 2 times (x 82B)
Class com.google.common.cache.ReferenceEntry                                          : loaded 2 times (x 66B)
Class com.google.common.collect.ImmutableSet$CachingAsList                            : loaded 2 times (x 143B)
Class com.google.common.base.Converter                                                : loaded 2 times (x 86B)
Class com.google.common.collect.Lists                                                 : loaded 2 times (x 67B)
Class com.google.common.base.CharMatcher$Any                                          : loaded 2 times (x 108B)
Class com.google.common.base.FunctionalEquivalence                                    : loaded 2 times (x 79B)
Class com.google.common.collect.Iterators$9                                           : loaded 2 times (x 77B)
Class com.google.common.collect.AbstractMapBasedMultimap                              : loaded 2 times (x 135B)
Class com.google.common.collect.ImmutableAsList                                       : loaded 2 times (x 205B)
Class com.google.common.cache.CacheLoader$SupplierToCacheLoader                       : loaded 2 times (x 71B)
Class com.google.common.collect.Maps$EntryTransformer                                 : loaded 2 times (x 66B)
Class org.gradle.internal.service.ServiceLookupException                              : loaded 2 times (x 78B)
Class [Lcom.google.common.cache.LocalCache$EntryFactory;                              : loaded 2 times (x 65B)
Class com.google.common.base.CharMatcher$JavaLetter                                   : loaded 2 times (x 107B)
Class org.gradle.internal.classloader.ClassLoaderFactory                              : loaded 2 times (x 66B)
Class com.google.common.cache.LocalCache$LocalManualCache                             : loaded 2 times (x 95B)
Class com.google.common.base.CharMatcher$IsNot                                        : loaded 2 times (x 107B)
Class com.google.common.base.CommonPattern                                            : loaded 2 times (x 70B)
Class org.gradle.internal.service.CachingServiceLocator                               : loaded 2 times (x 78B)
Class com.google.common.math.IntMath                                                  : loaded 2 times (x 67B)
Class com.google.common.collect.Iterators$10                                          : loaded 2 times (x 77B)
Class com.google.common.collect.ImmutableMapEntry                                     : loaded 2 times (x 81B)
Class com.google.common.base.CharMatcher$JavaDigit                                    : loaded 2 times (x 107B)
Class com.google.common.base.Equivalence                                              : loaded 2 times (x 78B)
Class com.google.common.collect.ImmutableMapEntry$NonTerminalImmutableMapEntry        : loaded 2 times (x 81B)
Class com.google.common.base.Function                                                 : loaded 2 times (x 66B)
Class com.google.common.cache.CacheBuilder$OneWeigher                                 : loaded 2 times (x 78B)
Class com.google.common.collect.RegularImmutableList                                  : loaded 2 times (x 208B)
Class com.google.common.collect.ImmutableBiMapFauxverideShim                          : loaded 2 times (x 116B)
Class org.gradle.internal.classloader.ClasspathUtil                                   : loaded 2 times (x 67B)
Class com.google.common.collect.Maps                                                  : loaded 2 times (x 67B)
Class com.google.common.base.CharMatcher$JavaUpperCase                                : loaded 2 times (x 107B)
Class org.gradle.api.specs.Spec                                                       : loaded 2 times (x 66B)
Class [Lcom.google.common.collect.ImmutableEntry;                                     : loaded 2 times (x 65B)
Class com.google.common.cache.LocalCache$LoadingValueReference                        : loaded 2 times (x 92B)
Class Build_gradle$1                                                                  : loaded 2 times (x 74B)
Class com.google.common.collect.Maps$8                                                : loaded 2 times (x 78B)
Class com.google.common.base.CharMatcher$Invisible                                    : loaded 2 times (x 108B)
Class org.gradle.internal.classloader.VisitableURLClassLoader$InstrumentingVisitableURLClassLoader: loaded 2 times (x 119B)
Class [Lcom.google.common.cache.CacheBuilder$NullListener;                            : loaded 2 times (x 65B)
Class com.google.common.math.IntMath$1                                                : loaded 2 times (x 67B)
Class org.gradle.internal.classloader.VisitableURLClassLoader$Spec                    : loaded 2 times (x 70B)
Class org.gradle.internal.classpath.DefaultClassPath                                  : loaded 2 times (x 86B)
Class com.google.common.base.AbstractIterator                                         : loaded 2 times (x 76B)
Class com.google.common.collect.ImmutableSet                                          : loaded 2 times (x 141B)
Class com.google.common.collect.RegularImmutableMap$Values                            : loaded 2 times (x 203B)
Class com.google.common.base.CharMatcher$BitSetMatcher                                : loaded 2 times (x 108B)
Class com.google.common.base.CharMatcher$Ascii                                        : loaded 2 times (x 108B)
Class org.gradle.internal.classloader.ClassLoaderSpec                                 : loaded 2 times (x 67B)
Class com.google.common.cache.CacheStats                                              : loaded 2 times (x 67B)
Class com.google.common.base.CharMatcher$Or                                           : loaded 2 times (x 108B)
Class Settings_gradle$1$1                                                             : loaded 2 times (x 70B)
Class com.google.common.base.Supplier                                                 : loaded 2 times (x 66B)
Class org.gradle.internal.classloader.VisitableURLClassLoader                         : loaded 2 times (x 113B)
Class Settings_gradle                                                                 : loaded 2 times (x 124B)
Class org.gradle.internal.Cast                                                        : loaded 2 times (x 67B)
Class org.gradle.api.Action                                                           : loaded 2 times (x 66B)
Class com.google.common.base.Ticker                                                   : loaded 2 times (x 68B)
Class com.google.common.base.CharMatcher$FastMatcher                                  : loaded 2 times (x 107B)
Class [Lcom.google.common.cache.LocalCache$Segment;                                   : loaded 2 times (x 65B)
Class [Lcom.google.common.cache.LocalCache$Strength;                                  : loaded 2 times (x 65B)
Class com.google.common.cache.CacheBuilder$1                                          : loaded 2 times (x 81B)
Class com.google.common.collect.ImmutableMap                                          : loaded 2 times (x 116B)
Class com.google.common.base.Predicate                                                : loaded 2 times (x 66B)
Class org.gradle.internal.classpath.DefaultClassPath$ImmutableUniqueList$Builder      : loaded 2 times (x 71B)
Class com.google.common.cache.LocalCache                                              : loaded 2 times (x 183B)
Class com.google.common.cache.CacheBuilder$2                                          : loaded 2 times (x 68B)
Class com.google.common.base.CharMatcher$NegatedFastMatcher                           : loaded 2 times (x 109B)
Class [Lcom.google.common.collect.AbstractMapEntry;                                   : loaded 2 times (x 65B)
Class com.google.common.collect.ImmutableEntry                                        : loaded 2 times (x 78B)
Class com.google.common.collect.ArrayListMultimap                                     : loaded 2 times (x 168B)
Class com.google.common.base.AbstractIterator$1                                       : loaded 2 times (x 67B)
Class com.google.common.base.CharMatcher$Digit                                        : loaded 2 times (x 108B)
Class org.gradle.api.GradleException                                                  : loaded 2 times (x 78B)
Class com.google.common.collect.CollectPreconditions                                  : loaded 2 times (x 67B)
Class com.google.common.base.CharMatcher$JavaIsoControl                               : loaded 2 times (x 108B)
Class com.google.common.collect.SortedMapDifference                                   : loaded 2 times (x 66B)
Class com.google.common.base.CharMatcher$JavaLowerCase                                : loaded 2 times (x 107B)
Class com.google.common.cache.LocalCache$EntryFactory                                 : loaded 2 times (x 79B)
Class com.google.common.base.Splitter$1$1                                             : loaded 2 times (x 82B)
Class com.google.common.base.CharMatcher$Whitespace                                   : loaded 2 times (x 108B)
Class org.gradle.internal.IoActions                                                   : loaded 2 times (x 67B)
Class com.google.common.cache.CacheLoader$InvalidCacheLoadException                   : loaded 2 times (x 78B)
Class com.google.common.collect.ImmutableSet$RegularSetBuilderImpl                    : loaded 2 times (x 73B)
Class com.google.common.base.CharMatcher$SingleWidth                                  : loaded 2 times (x 108B)
Class org.gradle.internal.classloader.SystemClassLoaderSpec                           : loaded 2 times (x 67B)
Class com.google.common.cache.LoadingCache                                            : loaded 2 times (x 66B)
Class [Lcom.google.common.cache.Weigher;                                              : loaded 2 times (x 65B)
Class com.google.common.collect.RegularImmutableMap$BucketOverflowException           : loaded 2 times (x 78B)
Class com.google.common.cache.LocalCache$ValueReference                               : loaded 2 times (x 66B)
Class com.google.common.base.CharMatcher$Negated                                      : loaded 2 times (x 109B)
Class com.google.common.base.CharMatcher$Is                                           : loaded 2 times (x 107B)
Class com.google.common.base.Equivalence$Equals                                       : loaded 2 times (x 78B)
Class com.google.common.collect.Hashing                                               : loaded 2 times (x 67B)
Class com.google.common.base.Preconditions                                            : loaded 2 times (x 67B)
Class com.google.common.collect.PeekingIterator                                       : loaded 2 times (x 66B)
Class com.google.common.base.CharMatcher                                              : loaded 2 times (x 107B)
Class com.google.common.cache.LocalCache$EntryFactory$1                               : loaded 2 times (x 79B)
Class [Lcom.google.common.cache.RemovalListener;                                      : loaded 2 times (x 65B)
Class com.google.common.base.CharMatcher$1                                            : loaded 2 times (x 109B)
Class com.google.common.base.CharMatcher$NamedFastMatcher                             : loaded 2 times (x 108B)
Class com.google.common.cache.LocalCache$EntryFactory$2                               : loaded 2 times (x 79B)
Class org.gradle.api.internal.classpath.GlobalCacheRootsProvider                      : loaded 2 times (x 66B)
Class com.google.common.cache.LocalCache$EntryFactory$3                               : loaded 2 times (x 79B)
Class com.google.common.base.Ticker$1                                                 : loaded 2 times (x 68B)
Class com.google.common.collect.ImmutableMapEntrySet$RegularEntrySet                  : loaded 2 times (x 147B)
Class com.google.common.collect.Maps$BiMapConverter                                   : loaded 2 times (x 86B)
Class com.google.common.cache.LocalCache$EntryFactory$4                               : loaded 2 times (x 79B)
Class com.google.common.collect.ImmutableSet$Builder                                  : loaded 2 times (x 81B)
Class com.google.common.base.CharMatcher$InRange                                      : loaded 2 times (x 107B)
Class com.google.common.cache.LocalCache$EntryFactory$5                               : loaded 2 times (x 79B)
Class com.google.common.cache.LocalCache$EntryFactory$6                               : loaded 2 times (x 79B)
Class Build_gradle                                                                    : loaded 2 times (x 68B)
Class org.gradle.internal.installation.CurrentGradleInstallationLocator               : loaded 2 times (x 67B)
Class com.google.common.cache.LocalCache$EntryFactory$7                               : loaded 2 times (x 79B)
Class com.google.common.collect.ImmutableSet$EmptySetBuilderImpl                      : loaded 2 times (x 72B)
Class com.google.common.collect.ImmutableList                                         : loaded 2 times (x 202B)
Class org.gradle.internal.service.DefaultServiceLocator                               : loaded 2 times (x 79B)
Class com.google.common.cache.LocalCache$EntryFactory$8                               : loaded 2 times (x 79B)
Class com.google.common.collect.ImmutableSet$SetBuilderImpl                           : loaded 2 times (x 72B)
Class org.gradle.internal.installation.CurrentGradleInstallation                      : loaded 2 times (x 69B)
Class com.google.common.cache.CacheLoader$1                                           : loaded 2 times (x 71B)
Class com.google.common.collect.ImmutableList$SubList                                 : loaded 2 times (x 204B)
Class org.gradle.util.internal.GUtil                                                  : loaded 2 times (x 67B)
Class com.google.common.cache.AbstractCache$StatsCounter                              : loaded 2 times (x 66B)
Class com.google.common.collect.Iterators$MergingIterator                             : loaded 2 times (x 77B)
Class com.google.common.collect.RegularImmutableSet                                   : loaded 2 times (x 144B)
Class org.gradle.internal.installation.GradleInstallation                             : loaded 2 times (x 71B)
Class com.google.common.collect.Iterables                                             : loaded 2 times (x 67B)
Class com.google.common.base.Splitter$Strategy                                        : loaded 2 times (x 66B)

---------------  S Y S T E M  ---------------

OS:
 Windows 11 , 64 bit Build 26100 (10.0.26100.3323)
OS uptime: 3 days 1:49 hours
Hyper-V role detected

CPU: total 4 (initial active 4) (2 cores per cpu, 2 threads per core) family 6 model 142 stepping 12 microcode 0xf8, cx8, cmov, fxsr, ht, mmx, 3dnowpref, sse, sse2, sse3, ssse3, sse4.1, sse4.2, popcnt, lzcnt, tsc, tscinvbit, avx, avx2, aes, erms, clmul, bmi1, bmi2, adx, fma, vzeroupper, clflush, clflushopt, hv, rdtscp, f16c
Processor Information for all 4 processors :
  Max Mhz: 2592, Current Mhz: 2093, Mhz Limit: 2073

Memory: 4k page, system-wide physical 3919M (441M free)
TotalPageFile size 15695M (AvailPageFile size 13M)
current process WorkingSet (physical memory assigned to process): 340M, peak: 343M
current process commit charge ("private bytes"): 368M, peak: 396M

vm_info: OpenJDK 64-Bit Server VM (21.0.5+-12932927-b750.29) for windows-amd64 JRE (21.0.5+-12932927-b750.29), built on 2025-01-17T02:01:10Z by "builder" with MS VC++ 16.10 / 16.11 (VS2019)

END.
